Log file open, 01/18/19 11:42:30
LogWindows: Failed to load 'aqProf.dll' (GetLastError=126)
LogWindows: File 'aqProf.dll' does not exist
LogWindows: Failed to load 'VSPerf140.dll' (GetLastError=126)
LogWindows: File 'VSPerf140.dll' does not exist
LogWindows: Failed to load 'VtuneApi.dll' (GetLastError=126)
LogWindows: File 'VtuneApi.dll' does not exist
LogWindows: Failed to load 'VtuneApi32e.dll' (GetLastError=126)
LogWindows: File 'VtuneApi32e.dll' does not exist
LogInit: Display: Running engine for game: Drugmatic_WC
LogPlatformFile: Not using cached read wrapper
LogTaskGraph: Started task graph with 5 named threads and 23 total threads with 3 sets of task threads.
LogStats: Stats thread started at 0.322925
LogD3D11RHI: Loaded GFSDK_Aftermath_Lib.x64.dll
LogICUInternationalization: Display: ICU TimeZone Detection - Raw Offset: -5:00, Platform Override: ''
LogPluginManager: Mounting plugin Paper2D
LogPluginManager: Mounting plugin AISupport
LogPluginManager: Mounting plugin LightPropagationVolume
LogPluginManager: Mounting plugin CLionSourceCodeAccess
LogPluginManager: Mounting plugin CodeLiteSourceCodeAccess
LogPluginManager: Mounting plugin GitSourceControl
LogPluginManager: Mounting plugin KDevelopSourceCodeAccess
LogPluginManager: Mounting plugin NullSourceCodeAccess
LogPluginManager: Mounting plugin PerforceSourceControl
LogPluginManager: Mounting plugin SubversionSourceControl
LogPluginManager: Mounting plugin UObjectPlugin
LogPluginManager: Mounting plugin VisualStudioCodeSourceCodeAccess
LogPluginManager: Mounting plugin VisualStudioSourceCodeAccess
LogPluginManager: Mounting plugin XCodeSourceCodeAccess
LogPluginManager: Mounting plugin AssetManagerEditor
LogPluginManager: Mounting plugin CryptoKeys
LogPluginManager: Mounting plugin DataValidation
LogPluginManager: Mounting plugin FacialAnimation
LogPluginManager: Mounting plugin GameplayTagsEditor
LogPluginManager: Mounting plugin MacGraphicsSwitching
LogPluginManager: Mounting plugin MeshEditor
LogPluginManager: Mounting plugin MobileLauncherProfileWizard
LogPluginManager: Mounting plugin PluginBrowser
LogPluginManager: Mounting plugin SpeedTreeImporter
LogPluginManager: Mounting plugin DatasmithContent
LogPluginManager: Mounting plugin AlembicImporter
LogPluginManager: Mounting plugin AppleImageUtils
LogPluginManager: Mounting plugin AppleVision
LogPluginManager: Mounting plugin BackChannel
LogPluginManager: Mounting plugin CharacterAI
LogPluginManager: Mounting plugin GeometryCache
LogPluginManager: Mounting plugin HTML5Networking
LogPluginManager: Mounting plugin ProxyLODPlugin
LogPluginManager: Mounting plugin MagicLeap
LogPluginManager: Mounting plugin MagicLeapEmulator
LogPluginManager: Mounting plugin MagicLeapMedia
LogPluginManager: Mounting plugin AndroidMedia
LogPluginManager: Mounting plugin AvfMedia
LogPluginManager: Mounting plugin ImgMedia
LogPluginManager: Mounting plugin LinearTimecode
LogPluginManager: Mounting plugin MediaCompositing
LogPluginManager: Mounting plugin MediaPlayerEditor
LogPluginManager: Mounting plugin WmfMedia
LogPluginManager: Mounting plugin TcpMessaging
LogPluginManager: Mounting plugin UdpMessaging
LogPluginManager: Mounting plugin ActorSequence
LogPluginManager: Mounting plugin LevelSequenceEditor
LogPluginManager: Mounting plugin MatineeToLevelSequence
LogPluginManager: Mounting plugin NetcodeUnitTest
LogPluginManager: Mounting plugin NUTUnrealEngine4
LogPluginManager: Mounting plugin OnlineSubsystemGooglePlay
LogPluginManager: Mounting plugin OnlineSubsystemIOS
LogPluginManager: Mounting plugin OnlineSubsystem
LogPluginManager: Mounting plugin OnlineSubsystemNull
LogPluginManager: Mounting plugin OnlineSubsystemUtils
LogPluginManager: Mounting plugin LauncherChunkInstaller
LogPluginManager: Mounting plugin AndroidDeviceProfileSelector
LogPluginManager: Mounting plugin AndroidMoviePlayer
LogPluginManager: Mounting plugin AndroidPermission
LogPluginManager: Mounting plugin AppleMoviePlayer
LogPluginManager: Mounting plugin ArchVisCharacter
LogPluginManager: Mounting plugin AudioCapture
LogPluginManager: Mounting plugin CableComponent
LogPluginManager: Mounting plugin CustomMeshComponent
LogPluginManager: Mounting plugin EditableMesh
LogPluginManager: Mounting plugin ExampleDeviceProfileSelector
LogPluginManager: Mounting plugin GoogleCloudMessaging
LogPluginManager: Mounting plugin ImmediatePhysics
LogPluginManager: Mounting plugin IOSDeviceProfileSelector
LogPluginManager: Mounting plugin LeapMotion
LogPluginManager: Mounting plugin LinuxDeviceProfileSelector
LogPluginManager: Mounting plugin LocationServicesBPLibrary
LogPluginManager: Mounting plugin MobilePatchingUtils
LogPluginManager: Mounting plugin OculusVR
LogPluginManager: Plugin shader directory ../../../Engine/Plugins/Runtime/Oculus/OculusVR/Shaders found
LogPluginManager: Mapping shader source directory ../../../Engine/Plugins/Runtime/Oculus/OculusVR/Shaders to virtual directory /Plugin/OculusVR
LogPluginManager: Mounting plugin PhysXVehicles
LogPluginManager: Mounting plugin ProceduralMeshComponent
LogPluginManager: Mounting plugin RuntimePhysXCooking
LogPluginManager: Mounting plugin SteamVR
LogPluginManager: Mounting plugin WindowsMoviePlayer
LogStreaming: Display: Took  0.128s to configure plugins.
LogInit: Using libcurl 7.55.1-DEV
LogInit:  - built for x86_64-pc-win32
LogInit:  - supports SSL with OpenSSL/1.0.2h
LogInit:  - supports HTTP deflate (compression) using libz 1.2.8
LogInit:  - other features:
LogInit:      CURL_VERSION_SSL
LogInit:      CURL_VERSION_LIBZ
LogInit:      CURL_VERSION_IPV6
LogInit:      CURL_VERSION_ASYNCHDNS
LogInit:      CURL_VERSION_LARGEFILE
LogInit:      CURL_VERSION_IDN
LogInit:  CurlRequestOptions (configurable via config and command line):
LogInit:  - bVerifyPeer = false  - Libcurl will NOT verify peer certificate
LogInit:  - bUseHttpProxy = false  - Libcurl will NOT use HTTP proxy
LogInit:  - bDontReuseConnections = false  - Libcurl will reuse connections
LogInit:  - CertBundlePath = nullptr  - Libcurl will use whatever was configured at build time.
LogInit:  - MaxHostConnections = 16  - Libcurl will limit the number of connections to a host
LogInit:  - LocalHostAddr = Default
LogInit:  - BufferSize = 65536
LogInit: WinSock: version 1.1 (2.2), MaxSocks=32767, MaxUdp=65467
LogHMD: Failed initializing OVRPlugin 1.25.0
LogInit: Build: ++UE4+Release-4.20-CL-4369336
LogInit: Engine Version: 4.20.3-4369336+++UE4+Release-4.20
LogInit: Compatible Engine Version: 4.20.0-4212847+++UE4+Release-4.20
LogInit: Net CL: 4212847
LogInit: OS: Windows 10 (), CPU: Intel(R) Core(TM) i7-7700HQ CPU @ 2.80GHz, GPU: Intel(R) HD Graphics 630
LogInit: Compiled (64-bit): Sep 17 2018 12:26:19
LogInit: Compiled with Visual C++: 19.13.26129.00
LogInit: Build Configuration: Development
LogInit: Branch Name: ++UE4+Release-4.20
LogInit: Command Line:  
LogInit: Base Directory: D:/Program Files/Epic Games/UE_4.20/Engine/Binaries/Win64/
LogInit: Installed Engine Build: 1
LogDevObjectVersion: Number of dev versions registered: 20
LogDevObjectVersion:   Dev-Blueprints (B0D832E4-1F89-4F0D-ACCF-7EB736FD4AA2): 10
LogDevObjectVersion:   Dev-Build (E1C64328-A22C-4D53-A36C-8E866417BD8C): 0
LogDevObjectVersion:   Dev-Core (375EC13C-06E4-48FB-B500-84F0262A717E): 2
LogDevObjectVersion:   Dev-Editor (E4B068ED-F494-42E9-A231-DA0B2E46BB41): 24
LogDevObjectVersion:   Dev-Framework (CFFC743F-43B0-4480-9391-14DF171D2073): 34
LogDevObjectVersion:   Dev-Mobile (B02B49B5-BB20-44E9-A304-32B752E40360): 2
LogDevObjectVersion:   Dev-Networking (A4E4105C-59A1-49B5-A7C5-40C4547EDFEE): 0
LogDevObjectVersion:   Dev-Online (39C831C9-5AE6-47DC-9A44-9C173E1C8E7C): 0
LogDevObjectVersion:   Dev-Physics (78F01B33-EBEA-4F98-B9B4-84EACCB95AA2): 0
LogDevObjectVersion:   Dev-Platform (6631380F-2D4D-43E0-8009-CF276956A95A): 0
LogDevObjectVersion:   Dev-Rendering (12F88B9F-8875-4AFC-A67C-D90C383ABD29): 26
LogDevObjectVersion:   Dev-Sequencer (7B5AE74C-D270-4C10-A958-57980B212A5A): 9
LogDevObjectVersion:   Dev-VR (D7296918-1DD6-4BDD-9DE2-64A83CC13884): 2
LogDevObjectVersion:   Dev-LoadTimes (C2A15278-BFE7-4AFE-6C17-90FF531DF755): 1
LogDevObjectVersion:   Private-Geometry (6EACA3D4-40EC-4CC1-B786-8BED09428FC5): 3
LogDevObjectVersion:   Dev-AnimPhys (29E575DD-E0A3-4627-9D10-D276232CDCEA): 17
LogDevObjectVersion:   Dev-ReflectionCapture (6B266CEC-1EC7-4B8F-A30B-E4D90942FC07): 1
LogDevObjectVersion:   Dev-Automation (0DF73D61-A23F-47EA-B727-89E90C41499A): 1
LogDevObjectVersion:   FortniteMain (601D1886-AC64-4F84-AA16-D3DE0DEAC7D6): 12
LogDevObjectVersion:   Dev-Enterprise (9DFFBCD6-494F-0158-E221-12823C92A888): 1
LogStreaming: Display: Took  0.001s to delete old logs.
LogInit: Presizing for max 8388607 objects, including 0 objects not considered by GC, pre-allocating 0 bytes for permanent pool.
LogInit: Object subsystem initialized
[2019.01.18-16.42.30:712][  0]LogInit: Selected Device Profile: [Windows]
[2019.01.18-16.42.30:712][  0]LogInit: Applying CVar settings loaded from the selected device profile: [Windows]
[2019.01.18-16.42.30:721][  0]LogHAL: Display: Platform has ~ 32 GB [34241679360 / 34359738368 / 32], which maps to Largest [LargestMinGB=32, LargerMinGB=12, DefaultMinGB=8, SmallerMinGB=6, SmallestMinGB=0)
[2019.01.18-16.42.30:721][  0]LogInit: Setting Device Profile CVar: [[r.Vulkan.UseRealUBs:1]]
[2019.01.18-16.42.30:721][  0]LogInit: Going up to parent DeviceProfile []
[2019.01.18-16.42.30:722][  0]LogInit: Computer: MSI
[2019.01.18-16.42.30:722][  0]LogInit: User: simig
[2019.01.18-16.42.30:722][  0]LogInit: CPU Page size=4096, Cores=4
[2019.01.18-16.42.30:722][  0]LogInit: High frequency timer resolution =2.742187 MHz
[2019.01.18-16.42.30:722][  0]LogMemory: Memory total: Physical=31.9GB (32GB approx)
[2019.01.18-16.42.30:722][  0]LogMemory: Platform Memory Stats for Windows
[2019.01.18-16.42.30:722][  0]LogMemory: Process Physical Memory: 101.48 MB used, 101.48 MB peak
[2019.01.18-16.42.30:722][  0]LogMemory: Process Virtual Memory: 93.66 MB used, 93.66 MB peak
[2019.01.18-16.42.30:722][  0]LogMemory: Physical Memory: 10165.11 MB used,  22490.30 MB free, 32655.41 MB total
[2019.01.18-16.42.30:722][  0]LogMemory: Virtual Memory: 4650.64 MB used,  22490.30 MB free, 134217728.00 MB total
[2019.01.18-16.42.30:995][  0]LogInit: Using OS detected language (en-US).
[2019.01.18-16.42.30:995][  0]LogInit: Using OS detected locale (en-US).
[2019.01.18-16.42.30:995][  0]LogTextLocalizationManager: No specific localization for 'en-US' exists, so the 'en' localization will be used.
[2019.01.18-16.42.31:385][  0]LogStreaming: Display: Took  0.390s to InitEngineTextLocalization.
[2019.01.18-16.42.31:385][  0]LogInit: Setting process to per monitor DPI aware
[2019.01.18-16.42.31:427][  0]LogSlate: New Slate User Created.  User Index 0, Is Virtual User: 0
[2019.01.18-16.42.31:427][  0]LogSlate: Slate User Registered.  User Index 0, Is Virtual User: 0
[2019.01.18-16.42.31:688][  0]LogHMD: Failed to initialize OpenVR with code 126
[2019.01.18-16.42.31:688][  0]LogD3D11RHI: D3D11 adapters:
[2019.01.18-16.42.31:774][  0]LogD3D11RHI:    0. 'NVIDIA GeForce GTX 1070 with Max-Q Design' (Feature Level 11_0)
[2019.01.18-16.42.31:774][  0]LogD3D11RHI:       8081/0/16327 MB DedicatedVideo/DedicatedSystem/SharedSystem, Outputs:1, VendorId:0x10de
[2019.01.18-16.42.31:785][  0]LogD3D11RHI:    1. 'Intel(R) HD Graphics 630' (Feature Level 11_0)
[2019.01.18-16.42.31:785][  0]LogD3D11RHI:       128/0/16327 MB DedicatedVideo/DedicatedSystem/SharedSystem, Outputs:0, VendorId:0x8086
[2019.01.18-16.42.31:788][  0]LogD3D11RHI:    2. 'Microsoft Basic Render Driver' (Feature Level 11_0)
[2019.01.18-16.42.31:788][  0]LogD3D11RHI:       0/0/16327 MB DedicatedVideo/DedicatedSystem/SharedSystem, Outputs:0, VendorId:0x1414
[2019.01.18-16.42.31:788][  0]LogD3D11RHI: Chosen D3D11 Adapter: 0
[2019.01.18-16.42.31:819][  0]LogD3D11RHI: Creating new Direct3DDevice
[2019.01.18-16.42.31:819][  0]LogD3D11RHI:     GPU DeviceId: 0x1ba1 (for the marketing name, search the web for "GPU Device Id")
[2019.01.18-16.42.31:819][  0]LogWindows: EnumDisplayDevices:
[2019.01.18-16.42.31:819][  0]LogWindows:    0. 'Intel(R) HD Graphics 630' (P:1 D:1)
[2019.01.18-16.42.31:820][  0]LogWindows:    1. 'Intel(R) HD Graphics 630' (P:0 D:0)
[2019.01.18-16.42.31:820][  0]LogWindows:    2. 'Intel(R) HD Graphics 630' (P:0 D:0)
[2019.01.18-16.42.31:821][  0]LogWindows:    3. 'NVIDIA GeForce GTX 1070 with Max-Q Design' (P:0 D:0)
[2019.01.18-16.42.31:821][  0]LogWindows:    4. 'NVIDIA GeForce GTX 1070 with Max-Q Design' (P:0 D:0)
[2019.01.18-16.42.31:822][  0]LogWindows:    5. 'NVIDIA GeForce GTX 1070 with Max-Q Design' (P:0 D:0)
[2019.01.18-16.42.31:822][  0]LogWindows:    6. 'NVIDIA GeForce GTX 1070 with Max-Q Design' (P:0 D:0)
[2019.01.18-16.42.31:822][  0]LogWindows: DebugString: PrimaryIsNotTheChoosenAdapter PrimaryIsNotTheChoosenAdapter PrimaryIsNotTheChoosenAdapter FoundDriverCount:4 
[2019.01.18-16.42.31:822][  0]LogD3D11RHI:     Adapter Name: NVIDIA GeForce GTX 1070 with Max-Q Design
[2019.01.18-16.42.31:822][  0]LogD3D11RHI:   Driver Version: 417.01 (internal:25.21.14.1701, unified:417.01)
[2019.01.18-16.42.31:822][  0]LogD3D11RHI:      Driver Date: 11-15-2018
[2019.01.18-16.42.31:822][  0]LogRHI: Texture pool is 5656 MB (70% of 8081 MB)
[2019.01.18-16.42.31:872][  0]LogD3D11RHI: Async texture creation enabled
[2019.01.18-16.42.31:893][  0]LogD3D11RHI: GPU Timing Frequency: 1000.000000 (Debug: 2 2)
[2019.01.18-16.42.31:894][  0]LogShaderCompilers: Guid format shader working directory is 0 characters bigger than the processId version (../../../../../../Unreal Projects/Drugmatic_WC/Intermediate/Shaders/WorkingDirectory/3684/).
[2019.01.18-16.42.31:894][  0]LogShaderCompilers: Cleaned the shader compiler working directory 'C:/Users/simig/AppData/Local/Temp/UnrealShaderWorkingDir/021AC342477FDF10C25094BF43DEF2A8/'.
[2019.01.18-16.42.32:229][  0]LogTemp: Display: Loaded TP AllDesktopTargetPlatform
[2019.01.18-16.42.32:242][  0]LogTemp: Display: Loaded TP MacClientTargetPlatform
[2019.01.18-16.42.32:256][  0]LogTemp: Display: Loaded TP MacNoEditorTargetPlatform
[2019.01.18-16.42.32:269][  0]LogTemp: Display: Loaded TP MacServerTargetPlatform
[2019.01.18-16.42.32:282][  0]LogTemp: Display: Loaded TP MacTargetPlatform
[2019.01.18-16.42.32:295][  0]LogTemp: Display: Loaded TP WindowsClientTargetPlatform
[2019.01.18-16.42.32:308][  0]LogTemp: Display: Loaded TP WindowsNoEditorTargetPlatform
[2019.01.18-16.42.32:323][  0]LogTemp: Display: Loaded TP WindowsServerTargetPlatform
[2019.01.18-16.42.32:328][  0]LogTemp: Display: Loaded TP WindowsTargetPlatform
[2019.01.18-16.42.32:409][  0]LogTemp: Display: Loaded TP AndroidTargetPlatform
[2019.01.18-16.42.32:409][  0]LogTemp: Display: Loaded TP AndroidTargetPlatform
[2019.01.18-16.42.32:409][  0]LogTemp: Display: Loaded TP AndroidTargetPlatform
[2019.01.18-16.42.32:409][  0]LogTemp: Display: Loaded TP AndroidTargetPlatform
[2019.01.18-16.42.32:409][  0]LogTemp: Display: Loaded TP AndroidTargetPlatform
[2019.01.18-16.42.32:409][  0]LogTemp: Display: Loaded TP AndroidTargetPlatform
[2019.01.18-16.42.32:409][  0]LogTemp: Display: Loaded TP AndroidTargetPlatform
[2019.01.18-16.42.32:409][  0]LogTemp: Display: Loaded TP AndroidTargetPlatform
[2019.01.18-16.42.32:409][  0]LogTemp: Display: Loaded TP AndroidTargetPlatform
[2019.01.18-16.42.32:409][  0]LogTemp: Display: Loaded TP AndroidTargetPlatform
[2019.01.18-16.42.32:409][  0]LogTemp: Display: Loaded TP AndroidTargetPlatform
[2019.01.18-16.42.32:409][  0]LogTemp: Display: Loaded TP AndroidTargetPlatform
[2019.01.18-16.42.32:409][  0]LogTemp: Display: Loaded TP AndroidTargetPlatform
[2019.01.18-16.42.32:409][  0]LogTemp: Display: Loaded TP AndroidTargetPlatform
[2019.01.18-16.42.32:409][  0]LogTemp: Display: Loaded TP AndroidTargetPlatform
[2019.01.18-16.42.32:409][  0]LogTemp: Display: Loaded TP AndroidTargetPlatform
[2019.01.18-16.42.32:409][  0]LogTemp: Display: Loaded TP AndroidTargetPlatform
[2019.01.18-16.42.32:409][  0]LogTemp: Display: Loaded TP AndroidTargetPlatform
[2019.01.18-16.42.32:410][  0]LogTemp: Display: Loaded TP HTML5TargetPlatform
[2019.01.18-16.42.32:471][  0]LogTemp: Display: Loaded TP IOSTargetPlatform
[2019.01.18-16.42.32:471][  0]LogTemp: Display: Loaded TP IOSTargetPlatform
[2019.01.18-16.42.32:497][  0]LogTemp: Display: Loaded TP TVOSTargetPlatform
[2019.01.18-16.42.32:497][  0]LogTemp: Display: Loaded TP TVOSTargetPlatform
[2019.01.18-16.42.32:509][  0]LogTemp: Display: Loaded TP LinuxClientTargetPlatform
[2019.01.18-16.42.32:524][  0]LogTemp: Display: Loaded TP LinuxNoEditorTargetPlatform
[2019.01.18-16.42.32:537][  0]LogTemp: Display: Loaded TP LinuxServerTargetPlatform
[2019.01.18-16.42.32:551][  0]LogTemp: Display: Loaded TP LinuxTargetPlatform
[2019.01.18-16.42.32:559][  0]LogTemp: Display: Loaded TP LuminTargetPlatform
[2019.01.18-16.42.32:559][  0]LogTargetPlatformManager: Display: Building Assets For Windows
[2019.01.18-16.42.32:612][  0]LogXGEController: Cleaning working directory: C:/Users/simig/AppData/Local/Temp/UnrealXGEWorkingDir/
[2019.01.18-16.42.32:612][  0]LogXGEController: Cannot use XGE Controller as Incredibuild is not installed on this machine.
[2019.01.18-16.42.32:612][  0]LogShaderCompilers: Cannot use XGE Shader Compiler as Incredibuild is not installed on this machine.
[2019.01.18-16.42.32:612][  0]LogShaderCompilers: Display: Using Local Shader Compiler.
[2019.01.18-16.42.33:376][  0]LogDerivedDataCache: Display: Max Cache Size: 512 MB
[2019.01.18-16.42.33:447][  0]LogDerivedDataCache: Loaded boot cache 0.07s 71MB C:/Users/simig/AppData/Local/UnrealEngine/4.20/DerivedDataCache/Boot.ddc.
[2019.01.18-16.42.33:447][  0]LogDerivedDataCache: Display: Loaded Boot cache: C:/Users/simig/AppData/Local/UnrealEngine/4.20/DerivedDataCache/Boot.ddc
[2019.01.18-16.42.33:448][  0]LogDerivedDataCache: FDerivedDataBackendGraph:  Pak pak cache file ../../../../../../Unreal Projects/Drugmatic_WC/DerivedDataCache/DDC.ddp not found, will not use a pak cache.
[2019.01.18-16.42.33:448][  0]LogDerivedDataCache: Unable to find inner node Pak for hierarchical cache Hierarchy.
[2019.01.18-16.42.33:448][  0]LogDerivedDataCache: FDerivedDataBackendGraph:  CompressedPak pak cache file ../../../../../../Unreal Projects/Drugmatic_WC/DerivedDataCache/Compressed.ddp not found, will not use a pak cache.
[2019.01.18-16.42.33:448][  0]LogDerivedDataCache: Unable to find inner node CompressedPak for hierarchical cache Hierarchy.
[2019.01.18-16.42.33:463][  0]LogDerivedDataCache: Display: Pak cache opened for reading ../../../Engine/DerivedDataCache/Compressed.ddp.
[2019.01.18-16.42.33:478][  0]LogDerivedDataCache: Using Local data cache path C:/Users/simig/AppData/Local/UnrealEngine/Common/DerivedDataCache: Writable
[2019.01.18-16.42.33:478][  0]LogDerivedDataCache: Shared data cache path not found in *engine.ini, will not use an Shared cache.
[2019.01.18-16.42.33:478][  0]LogDerivedDataCache: Unable to find inner node Shared for hierarchical cache Hierarchy.
[2019.01.18-16.42.33:634][  0]LogMaterial: Verifying Global Shaders for PCD3D_SM5
[2019.01.18-16.42.33:635][  0]LogSlate: Using FreeType 2.6.0
[2019.01.18-16.42.33:637][  0]LogSlate: SlateFontServices - WITH_FREETYPE: 1, WITH_HARFBUZZ: 1
[2019.01.18-16.42.33:717][  0]LogAssetRegistry: FAssetRegistry took 0.0269 seconds to start up
[2019.01.18-16.42.34:060][  0]LogInit: Selected Device Profile: [Windows]
[2019.01.18-16.42.34:210][  0]LogSimplygon: Simplygon DLL not present - disabling.
[2019.01.18-16.42.34:214][  0]LogMeshReduction: Using SimplygonSwarm for distributed automatic mesh merging
[2019.01.18-16.42.34:214][  0]LogMeshReduction: Using ProxyLODMeshReduction for automatic mesh merging
[2019.01.18-16.42.34:214][  0]LogMeshReduction: Using QuadricMeshReduction for automatic static mesh reduction
[2019.01.18-16.42.34:214][  0]LogMeshReduction: No automatic skeletal mesh reduction module available
[2019.01.18-16.42.34:238][  0]LogNetVersion: Drugmatic_WC 1.0.0, NetCL: 4212847, EngineNetVer: 5, GameNetVer: 0 (Checksum: 2688278964)
[2019.01.18-16.42.34:962][  0]LogPackageLocalizationCache: Processed 12 localized package path(s) for 2 prioritized culture(s) in 0.119373 seconds
[2019.01.18-16.42.34:968][  0]LogUObjectArray: 38426 objects as part of root set at end of initial load.
[2019.01.18-16.42.34:968][  0]LogUObjectAllocator: 6691096 out of 0 bytes used by permanent object pool.
[2019.01.18-16.42.34:968][  0]LogUObjectArray: CloseDisregardForGC: 0/0 objects in disregard for GC pool
[2019.01.18-16.42.35:993][  0]LogTcpMessaging: Initializing TcpMessaging bridge
[2019.01.18-16.42.36:006][  0]LogUdpMessaging: Initializing bridge on interface 0.0.0.0:0 to multicast group 230.0.0.1:6666.
[2019.01.18-16.42.36:174][  0]SourceControl: Source control is disabled
[2019.01.18-16.42.36:175][  0]SourceControl: Source control is disabled
[2019.01.18-16.42.36:176][  0]SourceControl: Source control is disabled
[2019.01.18-16.42.36:177][  0]SourceControl: Source control is disabled
[2019.01.18-16.42.36:341][  0]LogAndroidPermission: UAndroidPermissionCallbackProxy::GetInstance
[2019.01.18-16.42.36:502][  0]LogWindows: Failed to load '../../../Engine/Binaries/ThirdParty/LeapMotion/Win64/LeapC.dll' (GetLastError=126)
[2019.01.18-16.42.36:502][  0]LogWindows: File '../../../Engine/Binaries/ThirdParty/LeapMotion/Win64/LeapC.dll' does not exist
[2019.01.18-16.42.36:502][  0]LeapMotionLog: Leap Plugin started v3.0.1
[2019.01.18-16.42.36:505][  0]LogOcInput: OculusInput pre-init called
[2019.01.18-16.42.36:565][  0]LogEngine: Initializing Engine...
[2019.01.18-16.42.36:588][  0]LogHMD: Failed to initialize OpenVR with code 126
[2019.01.18-16.42.36:589][  0]LogStats: UGameplayTagsManager::ConstructGameplayTagTree: ImportINI prefixes -  0.000 s
[2019.01.18-16.42.36:589][  0]LogStats: UGameplayTagsManager::ConstructGameplayTagTree: Construct from data asset -  0.000 s
[2019.01.18-16.42.36:589][  0]LogStats: UGameplayTagsManager::ConstructGameplayTagTree: ImportINI -  0.000 s
[2019.01.18-16.42.36:589][  0]LogStats: UGameplayTagsManager::ConstructGameplayTagTree: GameplayTagTreeChangedEvent.Broadcast -  0.000 s
[2019.01.18-16.42.36:880][  0]LogInit: Initializing FReadOnlyCVARCache
[2019.01.18-16.42.36:896][  0]LogAIModule: Creating AISystem for world Untitled
[2019.01.18-16.42.36:954][  0]LogInit: XAudio2 using 'Speakers (Realtek High Definition Audio)' : 6 channels at 48 kHz using 32 bits per sample (channel mask 0x3f)
[2019.01.18-16.42.37:177][  0]LogInit: FAudioDevice initialized.
[2019.01.18-16.42.37:177][  0]LogNetVersion: Set ProjectVersion to 1.0.0.0. Version Checksum will be recalculated on next use.
[2019.01.18-16.42.37:273][  0]LogDerivedDataCache: Saved boot cache 0.10s 86MB C:/Users/simig/AppData/Local/UnrealEngine/4.20/DerivedDataCache/Boot.ddc.
[2019.01.18-16.42.37:287][  0]LogInit: Texture streaming: Enabled
[2019.01.18-16.42.37:302][  0]LogEngineSessionManager: EngineSessionManager initialized
[2019.01.18-16.42.37:313][  0]LogInit: Transaction tracking system initialized
[2019.01.18-16.42.37:330][  0]BlueprintLog: New page: Editor Load
[2019.01.18-16.42.37:397][  0]LocalizationService: Localization service is disabled
[2019.01.18-16.42.37:691][  0]LogCook: Display: Max memory allowance for cook 16384mb min free memory 0mb
[2019.01.18-16.42.37:691][  0]LogCook: Display: Mobile HDR setting 1
[2019.01.18-16.42.37:691][  0]LogGameplayTags: Display: UGameplayTagsManager::DoneAddingNativeTags. DelegateIsBound: 0
[2019.01.18-16.42.37:691][  0]LogStats: UGameplayTagsManager::ConstructGameplayTagTree: ImportINI prefixes -  0.000 s
[2019.01.18-16.42.37:691][  0]LogStats: UGameplayTagsManager::ConstructGameplayTagTree: Construct from data asset -  0.000 s
[2019.01.18-16.42.37:691][  0]LogStats: UGameplayTagsManager::ConstructGameplayTagTree: ImportINI -  0.000 s
[2019.01.18-16.42.37:691][  0]LogStats: UGameplayTagsManager::ConstructGameplayTagTree: GameplayTagTreeChangedEvent.Broadcast -  0.000 s
[2019.01.18-16.42.37:802][  0]LogFileCache: Scanning file cache for directory 'D:/Unreal Projects/Drugmatic_WC/Content/' took 0.02s
[2019.01.18-16.42.37:802][  0]SourceControl: Source control is disabled
[2019.01.18-16.42.37:802][  0]Cmd: MAP LOAD FILE="../../../../../../Unreal Projects/Drugmatic_WC/Content/VirtualRealityBP/Maps/StartupMap.umap" TEMPLATE=0 SHOWPROGRESS=1 FEATURELEVEL=3
[2019.01.18-16.42.37:803][  0]LightingResults: New page: Lighting Build
[2019.01.18-16.42.37:805][  0]MapCheck: New page: Map Check
[2019.01.18-16.42.37:805][  0]LightingResults: New page: Lighting Build
[2019.01.18-16.42.37:933][  0]LogAIModule: Creating AISystem for world StartupMap
[2019.01.18-16.42.37:942][  0]LogEditorServer: Finished looking for orphan Actors (0.000 secs)
[2019.01.18-16.42.37:965][  0]Cmd: MAP CHECKDEP NOCLEARLOG
[2019.01.18-16.42.38:021][  0]MapCheck: Map check complete: 0 Error(s), 0 Warning(s), took 55.473ms to complete.
[2019.01.18-16.42.38:021][  0]LogFileHelpers: Loading map 'StartupMap' took 0.218
[2019.01.18-16.42.38:152][  0]LogSlate: Updating window title bar state: overlay mode, drag disabled, window buttons hidden, title bar hidden
[2019.01.18-16.42.38:162][  0]LogSlate: Updating window title bar state: overlay mode, drag disabled, window buttons hidden, title bar hidden
[2019.01.18-16.42.38:172][  0]LogSlate: Updating window title bar state: overlay mode, drag disabled, window buttons hidden, title bar hidden
[2019.01.18-16.42.38:181][  0]LogSlate: Updating window title bar state: overlay mode, drag disabled, window buttons hidden, title bar hidden
[2019.01.18-16.42.38:186][  0]LogCollectionManager: Loaded 0 collections in 0.001298 seconds
[2019.01.18-16.42.38:228][  0]LogFileCache: Scanning file cache for directory 'D:/Unreal Projects/Drugmatic_WC/Saved/Collections/' took 0.01s
[2019.01.18-16.42.38:229][  0]LogFileCache: Scanning file cache for directory 'D:/Unreal Projects/Drugmatic_WC/Content/Developers/simig/Collections/' took 0.01s
[2019.01.18-16.42.38:229][  0]LogFileCache: Scanning file cache for directory 'D:/Unreal Projects/Drugmatic_WC/Content/Collections/' took 0.01s
[2019.01.18-16.42.38:229][  0]LogCollectionManager: Rebuilt the GUID cache for 0 collections in 0.000000 seconds
[2019.01.18-16.42.38:239][  0]LogContentBrowser: Native class hierarchy populated in 0.0106 seconds. Added 2588 classes and 613 folders.
[2019.01.18-16.42.38:245][  0]LogContentBrowser: Native class hierarchy updated for 'WidgetCarousel' in 0.0002 seconds. Added 0 classes and 0 folders.
[2019.01.18-16.42.38:291][  0]LogContentBrowser: Native class hierarchy updated for 'AddContentDialog' in 0.0003 seconds. Added 0 classes and 0 folders.
[2019.01.18-16.42.38:304][  0]LogContentBrowser: Native class hierarchy updated for 'SceneOutliner' in 0.0002 seconds. Added 1 classes and 2 folders.
[2019.01.18-16.42.39:317][  0]LogSlate: Only BGRA pngs, bmps or icos are supported in by External Image Picker
[2019.01.18-16.42.39:366][  0]LogSlate: Took 0.000266 seconds to synchronously load lazily loaded font '../../../Engine/Content/Slate/Fonts/Roboto-Regular.ttf' (155K)
[2019.01.18-16.42.39:370][  0]LogSlate: Took 0.000219 seconds to synchronously load lazily loaded font '../../../Engine/Content/Slate/Fonts/Roboto-Bold.ttf' (160K)
[2019.01.18-16.42.39:380][  0]LogSlate: Took 0.000378 seconds to synchronously load lazily loaded font '../../../Engine/Content/Editor/Slate/Fonts/FontAwesome.ttf' (139K)
[2019.01.18-16.42.39:491][  0]LogTemp: Executing iPhonePackager certificates Engine -bundlename com.YourCompany.DrugmaticWC
[2019.01.18-16.42.39:491][  0]LogTemp: CWD: D:\Program Files\Epic Games\UE_4.20\Engine\Binaries\DotNET\IOS
[2019.01.18-16.42.39:491][  0]LogTemp: Initial Dir: D:\Program Files\Epic Games\UE_4.20
[2019.01.18-16.42.39:491][  0]LogTemp: Env CWD: D:\Program Files\Epic Games\UE_4.20\Engine\Binaries\DotNET\IOS
[2019.01.18-16.42.39:491][  0]LogTemp: BranchPath = MSI/D/Program Files/Epic Games/UE_4.20/Engine/Binaries --- GameBranchPath = MSI/D/Program Files/Epic Games/UE_4.20/Engine/Binaries
[2019.01.18-16.42.39:491][  0]LogTemp: MATCHED-Provision:,File:,Cert:
[2019.01.18-16.42.39:491][  0]LogRenderer: Reallocating scene render targets to support 1200x512 Format 26 NumSamples 1 (Frame:1).
[2019.01.18-16.42.39:632][  0]LogContentBrowser: Native class hierarchy updated for 'HierarchicalLODOutliner' in 0.0004 seconds. Added 0 classes and 0 folders.
[2019.01.18-16.42.39:632][  0]LogLoad: (Engine Initialization) Total time: 10.64 seconds
[2019.01.18-16.42.39:632][  0]LogLoad: (Engine Initialization) Total Blueprint compile time: 0.00 seconds
[2019.01.18-16.42.39:643][  0]LogWindowsTextInputMethodSystem: Display: IME system now deactivated.
[2019.01.18-16.42.39:655][  0]LeapMotionLog: ServiceMessageLoop started.
[2019.01.18-16.42.39:655][  0]BodyStateLog: BodyState::DeviceAttached: Leap Motion (1)
[2019.01.18-16.42.39:656][  0]BodyStateLog: BodyState::DeviceAttached: HMD (2)
[2019.01.18-16.42.39:660][  0]LeapMotionLog: LeapService: OnConnect.
[2019.01.18-16.42.39:681][  0]LeapMotionLog: OnDeviceFound Peripheral ??^??.
[2019.01.18-16.42.39:681][  0]LogContentStreaming: Texture pool size now 1000 MB
[2019.01.18-16.42.39:708][  0]LogSlate: Took 0.000155 seconds to synchronously load lazily loaded font '../../../Engine/Content/Slate/Fonts/Roboto-Light.ttf' (167K)
[2019.01.18-16.42.39:765][  2]LogAssetRegistry: Asset discovery search completed in 6.0702 seconds
[2019.01.18-16.42.39:767][  2]LogCollectionManager: Rebuilt the object cache for 0 collections in 0.000000 seconds (found 0 objects)
[2019.01.18-16.42.39:767][  2]LogCollectionManager: Fixed up redirectors for 0 collections in 0.000058 seconds (updated 0 objects)
[2019.01.18-16.42.43:430][428]LogSlate: FSceneViewport::OnFocusLost() reason 2
[2019.01.18-16.42.48:806][981]LogSlate: FSceneViewport::OnFocusLost() reason 0
[2019.01.18-16.42.48:945][997]LogSlate: Took 0.000212 seconds to synchronously load lazily loaded font '../../../Engine/Content/Slate/Fonts/Roboto-Light.ttf' (167K)
[2019.01.18-16.42.49:283][997]LogMaterial: Display: Missing cached shader map for material TwoToneHandMaterial, compiling. 
[2019.01.18-16.42.49:356][997]LogShaderCompilers: Display: Shaders left to compile 60
[2019.01.18-16.42.49:356][997]LogShaderCompilers: Display: Shaders left to compile 50
[2019.01.18-16.42.49:356][997]LogShaderCompilers: Display: Shaders left to compile 40
[2019.01.18-16.42.49:356][997]LogShaderCompilers: Display: Shaders left to compile 30
[2019.01.18-16.42.49:363][997]LogMaterial: Display: Missing cached shader map for material BasicShapeMaterial, compiling. 
[2019.01.18-16.42.49:435][997]LogMaterial: Display: Missing cached shader map for material M_Procedural_Sky_MASTER02, compiling. 
[2019.01.18-16.42.49:674][997]LogAIModule: Creating AISystem for world UMGUIExample
[2019.01.18-16.42.49:683][997]LogSlate: New Slate User Created.  User Index 8, Is Virtual User: 1
[2019.01.18-16.42.49:683][997]LogSlate: Slate User Registered.  User Index 8, Is Virtual User: 1
[2019.01.18-16.42.49:715][997]LogAssetEditorManager: Opening Asset editor for World /Game/Modules/UMGUI/UMGUIExample.UMGUIExample
[2019.01.18-16.42.49:746][997]Cmd: MAP LOAD FILE="../../../../../../Unreal Projects/Drugmatic_WC/Content/Modules/UMGUI/UMGUIExample.umap" TEMPLATE=0 SHOWPROGRESS=1 FEATURELEVEL=3
[2019.01.18-16.42.49:747][997]LightingResults: New page: Lighting Build
[2019.01.18-16.42.49:748][997]LoadErrors: New page: Loading map: UMGUIExample.umap
[2019.01.18-16.42.49:749][997]MapCheck: New page: Map Check
[2019.01.18-16.42.49:749][997]LightingResults: New page: Lighting Build
[2019.01.18-16.42.49:823][997]LogEditorServer: Finished looking for orphan Actors (0.000 secs)
[2019.01.18-16.42.49:870][997]Cmd: MAP CHECKDEP NOCLEARLOG
[2019.01.18-16.42.49:960][997]MapCheck: Map check complete: 0 Error(s), 0 Warning(s), took 90.079ms to complete.
[2019.01.18-16.42.49:961][997]LogFileHelpers: Loading map 'UMGUIExample' took 0.216
[2019.01.18-16.42.53:274][254]LogShaderCompilers: Display: Shaders left to compile 112
[2019.01.18-16.42.54:525][354]LogShaderCompilers: Display: Shaders left to compile 102
[2019.01.18-16.42.55:398][404]LogSlate: FSceneViewport::OnFocusLost() reason 0
[2019.01.18-16.42.55:463][410]LogTemp: Repeating last play command: Selected Viewport
[2019.01.18-16.42.55:483][410]LogPlayLevel: PlayLevel: No blueprints needed recompiling
[2019.01.18-16.42.55:497][410]PIE: New page: PIE session: UMGUIExample (Jan 18, 2019, 6:42:55 AM)
[2019.01.18-16.42.55:497][410]LogPlayLevel: Creating play world package: /Game/Modules/UMGUI/UEDPIE_0_UMGUIExample
[2019.01.18-16.42.55:505][410]LogPlayLevel: PIE: StaticDuplicateObject took: (0.007381s)
[2019.01.18-16.42.55:506][410]LogAIModule: Creating AISystem for world UMGUIExample
[2019.01.18-16.42.55:506][410]LogPlayLevel: PIE: World Init took: (0.001024s)
[2019.01.18-16.42.55:506][410]LogPlayLevel: PIE: Created PIE world by copying editor world from /Game/Modules/UMGUI/UMGUIExample.UMGUIExample to /Game/Modules/UMGUI/UEDPIE_0_UMGUIExample.UMGUIExample (0.008708s)
[2019.01.18-16.42.55:589][410]LogInit: XAudio2 using 'Speakers (Realtek High Definition Audio)' : 6 channels at 48 kHz using 32 bits per sample (channel mask 0x3f)
[2019.01.18-16.42.55:738][410]LogInit: FAudioDevice initialized.
[2019.01.18-16.42.55:788][410]LogUObjectGlobals: Warning: Failed to find object 'Class None.'
[2019.01.18-16.42.55:788][410]LogLoad: Game class is 'GameModeBase'
[2019.01.18-16.42.55:801][410]LogTemp: Bone cache synced: 0
[2019.01.18-16.42.55:801][410]LogTemp: Bone cache synced: 20
[2019.01.18-16.42.55:803][410]LogTemp: Bone cache synced: 0
[2019.01.18-16.42.55:803][410]LogTemp: Bone cache synced: 20
[2019.01.18-16.42.55:804][410]LogWorld: Bringing World /Game/Modules/UMGUI/UEDPIE_0_UMGUIExample.UMGUIExample up for play (max tick rate 0) at 2019.01.18-11.42.55
[2019.01.18-16.42.55:805][410]LeapMotionLog: AddEventDelegate (1).
[2019.01.18-16.42.55:805][410]LogWorld: Bringing up level for play took: 0.014929
[2019.01.18-16.42.55:823][410]LogContentBrowser: Native class hierarchy updated for 'MovieSceneCapture' in 0.0004 seconds. Added 10 classes and 0 folders.
[2019.01.18-16.42.55:824][410]LogBlueprintUserMessages: [None] spawned
[2019.01.18-16.42.55:825][410]LogBlueprintUserMessages: [None] spawned
[2019.01.18-16.42.55:825][410]LogBlueprintUserMessages: [LeapHandsPawn_187] Adjusting Origin for None
[2019.01.18-16.42.55:826][410]PIE: Play in editor start time for /Game/Modules/UMGUI/UEDPIE_0_UMGUIExample -0.644
[2019.01.18-16.42.55:833][410]LogBlueprintUserMessages: [None] 0.0
[2019.01.18-16.42.55:834][410]LogBlueprintUserMessages: [None] 0.0
[2019.01.18-16.42.56:910][489]LogShaderCompilers: Display: Shaders left to compile 92
[2019.01.18-16.42.57:149][509]LogShaderCompilers: Display: Shaders left to compile 82
[2019.01.18-16.42.57:944][575]LogShaderCompilers: Display: Shaders left to compile 72
[2019.01.18-16.42.58:325][606]LogSlate: Updating window title bar state: overlay mode, drag disabled, window buttons hidden, title bar hidden
[2019.01.18-16.42.58:368][606]LogPlayLevel: Display: Shutting down PIE online subsystems
[2019.01.18-16.42.58:405][606]LogSlate: Updating window title bar state: overlay mode, drag disabled, window buttons hidden, title bar hidden
[2019.01.18-16.42.58:428][607]LogPlayLevel: Display: Destroying online subsystem :Context_2
[2019.01.18-16.43.01:124][818]LogShaderCompilers: Display: Shaders left to compile 62
[2019.01.18-16.43.01:801][870]LogShaderCompilers: Display: Shaders left to compile 52
[2019.01.18-16.43.05:303][160]LogShaderCompilers: Display: Shaders left to compile 42
[2019.01.18-16.43.05:414][168]LogShaderCompilers: Display: Shaders left to compile 32
[2019.01.18-16.43.05:792][196]LogShaderCompilers: Display: Shaders left to compile 22
[2019.01.18-16.43.07:089][295]LogSlate: Window 'Drugmatic_WC - Unreal Editor' being destroyed
[2019.01.18-16.43.07:089][295]LogWindowsTextInputMethodSystem: Display: IME system now deactivated.
[2019.01.18-16.43.07:375][296]Cmd: QUIT_EDITOR
[2019.01.18-16.43.07:897][296]LogExit: Preparing to exit.
[2019.01.18-16.43.09:054][296]LogShaderCompilers: Display: Shaders left to compile 12
[2019.01.18-16.43.09:092][296]LogExit: Editor shut down
[2019.01.18-16.43.09:092][296]LogExit: Transaction tracking system shut down
[2019.01.18-16.43.09:449][296]LogShaderCompilers: Display: Shaders left to compile 2
[2019.01.18-16.43.09:449][296]LogExit: Object subsystem successfully closed.
[2019.01.18-16.43.09:497][296]LogShaderCompilers: Display: Shaders left to compile 0
[2019.01.18-16.43.09:503][296]LogD3D11RHI: Shutdown
[2019.01.18-16.43.09:503][296]LogD3D11RHI: CleanupD3DDevice
[2019.01.18-16.43.09:505][296]LogD3D11RHI: ~FD3D11DynamicRHI
[2019.01.18-16.43.09:523][296]LogModuleManager: Shutting down and abandoning module MovieSceneCapture (622)
[2019.01.18-16.43.09:523][296]LogModuleManager: Shutting down and abandoning module Voice (620)
[2019.01.18-16.43.09:523][296]LogModuleManager: Shutting down and abandoning module HierarchicalLODOutliner (618)
[2019.01.18-16.43.09:523][296]LogModuleManager: Shutting down and abandoning module ExternalImagePicker (616)
[2019.01.18-16.43.09:523][296]LogModuleManager: Shutting down and abandoning module SceneOutliner (614)
[2019.01.18-16.43.09:523][296]LogModuleManager: Shutting down and abandoning module AddContentDialog (612)
[2019.01.18-16.43.09:523][296]LogModuleManager: Shutting down and abandoning module WidgetCarousel (611)
[2019.01.18-16.43.09:523][296]LogModuleManager: Shutting down and abandoning module EditorWidgets (608)
[2019.01.18-16.43.09:523][296]LogModuleManager: Shutting down and abandoning module CollectionManager (606)
[2019.01.18-16.43.09:524][296]LogModuleManager: Shutting down and abandoning module StatsViewer (604)
[2019.01.18-16.43.09:524][296]LogModuleManager: Shutting down and abandoning module FoliageEdit (602)
[2019.01.18-16.43.09:524][296]LogModuleManager: Shutting down and abandoning module LandscapeEditor (600)
[2019.01.18-16.43.09:524][296]LogModuleManager: Shutting down and abandoning module MeshPaintMode (598)
[2019.01.18-16.43.09:524][296]LogModuleManager: Shutting down and abandoning module SceneDepthPickerMode (596)
[2019.01.18-16.43.09:524][296]LogModuleManager: Shutting down and abandoning module ActorPickerMode (594)
[2019.01.18-16.43.09:524][296]LogModuleManager: Shutting down and abandoning module GeometryMode (592)
[2019.01.18-16.43.09:524][296]LogModuleManager: Shutting down and abandoning module TextureAlignMode (590)
[2019.01.18-16.43.09:524][296]LogModuleManager: Shutting down and abandoning module BspMode (588)
[2019.01.18-16.43.09:524][296]LogModuleManager: Shutting down and abandoning module PIEPreviewDeviceProfileSelector (586)
[2019.01.18-16.43.09:524][296]LogModuleManager: Shutting down and abandoning module SequenceRecorderSections (584)
[2019.01.18-16.43.09:524][296]LogModuleManager: Shutting down and abandoning module AutomationWorker (582)
[2019.01.18-16.43.09:524][296]LogModuleManager: Shutting down and abandoning module AudioCaptureEditor (580)
[2019.01.18-16.43.09:524][296]LogModuleManager: Shutting down and abandoning module SequenceRecorder (579)
[2019.01.18-16.43.09:524][296]LogModuleManager: Shutting down and abandoning module MatineeToLevelSequence (576)
[2019.01.18-16.43.09:524][296]LogModuleManager: Shutting down and abandoning module LevelSequenceEditor (574)
[2019.01.18-16.43.09:524][296]LogModuleManager: Shutting down and abandoning module PlacementMode (573)
[2019.01.18-16.43.09:524][296]LogModuleManager: Shutting down and abandoning module MaterialEditor (572)
[2019.01.18-16.43.09:525][296]LogModuleManager: Shutting down and abandoning module WmfMediaFactory (568)
[2019.01.18-16.43.09:525][296]LogModuleManager: Shutting down and abandoning module WmfMediaEditor (566)
[2019.01.18-16.43.09:525][296]LogModuleManager: Shutting down and abandoning module MediaPlayerEditor (564)
[2019.01.18-16.43.09:525][296]LogModuleManager: Shutting down and abandoning module OpenExrWrapper (562)
[2019.01.18-16.43.09:525][296]LogModuleManager: Shutting down and abandoning module ImgMediaFactory (560)
[2019.01.18-16.43.09:525][296]LogModuleManager: Shutting down and abandoning module ImgMediaEditor (558)
[2019.01.18-16.43.09:525][296]LogModuleManager: Shutting down and abandoning module AvfMediaFactory (556)
[2019.01.18-16.43.09:525][296]LogModuleManager: Shutting down and abandoning module AvfMediaEditor (554)
[2019.01.18-16.43.09:525][296]LogModuleManager: Shutting down and abandoning module AndroidMediaFactory (552)
[2019.01.18-16.43.09:525][296]LogModuleManager: Shutting down and abandoning module AndroidMediaEditor (550)
[2019.01.18-16.43.09:525][296]LogModuleManager: Shutting down and abandoning module MagicLeapCameraPreviewFactory (548)
[2019.01.18-16.43.09:525][296]LogModuleManager: Shutting down and abandoning module MagicLeapMediaFactory (546)
[2019.01.18-16.43.09:525][296]LogModuleManager: Shutting down and abandoning module MagicLeapMediaEditor (544)
[2019.01.18-16.43.09:525][296]LogModuleManager: Shutting down and abandoning module CharacterAI (542)
[2019.01.18-16.43.09:525][296]LogModuleManager: Shutting down and abandoning module SmartSnapping (540)
[2019.01.18-16.43.09:525][296]LogModuleManager: Shutting down and abandoning module SessionServices (538)
[2019.01.18-16.43.09:525][296]LogModuleManager: Shutting down and abandoning module ViewportSnapping (536)
[2019.01.18-16.43.09:525][296]LogModuleManager: Shutting down and abandoning module ViewportInteraction (534)
[2019.01.18-16.43.09:525][296]LogModuleManager: Shutting down and abandoning module ClothPainter (532)
[2019.01.18-16.43.09:525][296]LogModuleManager: Shutting down and abandoning module SkeletalMeshEditor (531)
[2019.01.18-16.43.09:525][296]LogModuleManager: Shutting down and abandoning module LogVisualizer (528)
[2019.01.18-16.43.09:525][296]LogModuleManager: Shutting down and abandoning module IntroTutorials (526)
[2019.01.18-16.43.09:525][296]LogModuleManager: Shutting down and abandoning module GameProjectGeneration (525)
[2019.01.18-16.43.09:525][296]LogModuleManager: Shutting down and abandoning module LuminPlatformEditor (522)
[2019.01.18-16.43.09:526][296]LogModuleManager: Shutting down and abandoning module IOSPlatformEditor (520)
[2019.01.18-16.43.09:526][296]LogModuleManager: Shutting down and abandoning module HTML5PlatformEditor (518)
[2019.01.18-16.43.09:526][296]LogModuleManager: Shutting down and abandoning module AndroidPlatformEditor (516)
[2019.01.18-16.43.09:526][296]LogModuleManager: Shutting down and abandoning module AndroidDeviceDetection (515)
[2019.01.18-16.43.10:461][296]LogModuleManager: Shutting down and abandoning module WindowsPlatformEditor (512)
[2019.01.18-16.43.10:461][296]LogModuleManager: Shutting down and abandoning module LuminRuntimeSettings (510)
[2019.01.18-16.43.10:461][296]LogModuleManager: Shutting down and abandoning module IOSRuntimeSettings (508)
[2019.01.18-16.43.10:461][296]LogModuleManager: Shutting down and abandoning module AndroidRuntimeSettings (506)
[2019.01.18-16.43.10:461][296]LogModuleManager: Shutting down and abandoning module InputBindingEditor (504)
[2019.01.18-16.43.10:462][296]LogModuleManager: Shutting down and abandoning module MergeActors (502)
[2019.01.18-16.43.10:462][296]LogModuleManager: Shutting down and abandoning module LocalizationDashboard (500)
[2019.01.18-16.43.10:462][296]LogModuleManager: Shutting down and abandoning module LocalizationService (499)
[2019.01.18-16.43.10:462][296]LogModuleManager: Shutting down and abandoning module HardwareTargeting (496)
[2019.01.18-16.43.10:462][296]LogModuleManager: Shutting down and abandoning module DeviceProfileEditor (494)
[2019.01.18-16.43.10:462][296]LogModuleManager: Shutting down and abandoning module UndoHistory (492)
[2019.01.18-16.43.10:462][296]LogModuleManager: Shutting down and abandoning module XmlParser (490)
[2019.01.18-16.43.10:462][296]LogModuleManager: Shutting down and abandoning module Blutility (488)
[2019.01.18-16.43.10:462][296]LogModuleManager: Shutting down and abandoning module ProjectSettingsViewer (486)
[2019.01.18-16.43.10:462][296]LogModuleManager: Shutting down and abandoning module ProjectTargetPlatformEditor (485)
[2019.01.18-16.43.10:462][296]LogModuleManager: Shutting down and abandoning module EditorSettingsViewer (482)
[2019.01.18-16.43.10:462][296]LogModuleManager: Shutting down and abandoning module SettingsEditor (480)
[2019.01.18-16.43.10:462][296]LogModuleManager: Shutting down and abandoning module ProjectLauncher (478)
[2019.01.18-16.43.10:462][296]LogModuleManager: Shutting down and abandoning module SessionFrontend (476)
[2019.01.18-16.43.10:462][296]LogModuleManager: Shutting down and abandoning module ProfilerClient (474)
[2019.01.18-16.43.10:462][296]LogModuleManager: Shutting down and abandoning module DeviceManager (472)
[2019.01.18-16.43.10:462][296]LogModuleManager: Shutting down and abandoning module TargetDeviceServices (471)
[2019.01.18-16.43.10:527][296]LogModuleManager: Shutting down and abandoning module AutomationController (468)
[2019.01.18-16.43.10:527][296]LogModuleManager: Shutting down and abandoning module AutomationWindow (466)
[2019.01.18-16.43.10:527][296]LogModuleManager: Shutting down and abandoning module Layers (464)
[2019.01.18-16.43.10:527][296]LogModuleManager: Shutting down and abandoning module ComponentVisualizers (462)
[2019.01.18-16.43.10:527][296]LogModuleManager: Shutting down and abandoning module DetailCustomizations (460)
[2019.01.18-16.43.10:527][296]LogModuleManager: Shutting down and abandoning module PackagesDialog (458)
[2019.01.18-16.43.10:527][296]LogModuleManager: Shutting down and abandoning module Persona (456)
[2019.01.18-16.43.10:527][296]LogModuleManager: Shutting down and abandoning module AdvancedPreviewScene (455)
[2019.01.18-16.43.10:527][296]LogModuleManager: Shutting down and abandoning module AnimGraph (453)
[2019.01.18-16.43.10:527][296]LogModuleManager: Shutting down and abandoning module Kismet (450)
[2019.01.18-16.43.10:528][296]LogModuleManager: Shutting down and abandoning module GraphEditor (448)
[2019.01.18-16.43.10:528][296]LogModuleManager: Shutting down and abandoning module ClassViewer (446)
[2019.01.18-16.43.10:528][296]LogModuleManager: Shutting down and abandoning module Toolbox (444)
[2019.01.18-16.43.10:528][296]LogModuleManager: Shutting down and abandoning module ModuleUI (442)
[2019.01.18-16.43.10:528][296]LogModuleManager: Shutting down and abandoning module MovieSceneTools (440)
[2019.01.18-16.43.10:528][296]LogModuleManager: Shutting down and abandoning module OutputLog (438)
[2019.01.18-16.43.10:528][296]LogModuleManager: Shutting down and abandoning module GammaUI (436)
[2019.01.18-16.43.10:528][296]LogModuleManager: Shutting down and abandoning module Documentation (434)
[2019.01.18-16.43.10:528][296]LogModuleManager: Shutting down and abandoning module MovieSceneTracks (432)
[2019.01.18-16.43.10:528][296]LogModuleManager: Shutting down and abandoning module MovieScene (430)
[2019.01.18-16.43.10:528][296]LogModuleManager: Shutting down and abandoning module StreamingPauseRendering (428)
[2019.01.18-16.43.10:528][296]LogModuleManager: Shutting down and abandoning module LauncherPlatform (426)
[2019.01.18-16.43.10:528][296]LogModuleManager: Shutting down and abandoning module AnalyticsET (424)
[2019.01.18-16.43.10:528][296]LogModuleManager: Shutting down and abandoning module PortalServices (422)
[2019.01.18-16.43.10:528][296]LogModuleManager: Shutting down and abandoning module PortalRpc (420)
[2019.01.18-16.43.10:528][296]LogModuleManager: Shutting down and abandoning module MessagingRpc (418)
[2019.01.18-16.43.10:528][296]LogModuleManager: Shutting down and abandoning module AIModule (416)
[2019.01.18-16.43.10:528][296]LogModuleManager: Shutting down and abandoning module GameplayDebugger (415)
[2019.01.18-16.43.10:528][296]LogModuleManager: Shutting down and abandoning module AITestSuite (413)
[2019.01.18-16.43.10:528][296]LogModuleManager: Shutting down and abandoning module NavigationSystem (411)
[2019.01.18-16.43.10:528][296]LogModuleManager: Shutting down and abandoning module DesktopPlatform (408)
[2019.01.18-16.43.10:528][296]LogModuleManager: Shutting down and abandoning module ProfilerService (406)
[2019.01.18-16.43.10:576][296]LogModuleManager: Shutting down and abandoning module TaskGraph (404)
[2019.01.18-16.43.10:576][296]LogModuleManager: Shutting down and abandoning module SteamVRController (402)
[2019.01.18-16.43.10:576][296]LogModuleManager: Shutting down and abandoning module ProceduralMeshComponentEditor (400)
[2019.01.18-16.43.10:576][296]LogModuleManager: Shutting down and abandoning module ProceduralMeshComponent (398)
[2019.01.18-16.43.10:576][296]LogModuleManager: Shutting down and abandoning module OculusInput (396)
[2019.01.18-16.43.10:576][296]LogModuleManager: Shutting down and abandoning module MobilePatchingUtils (394)
[2019.01.18-16.43.10:576][296]LogModuleManager: Shutting down and abandoning module LeapMotion (392)
[2019.01.18-16.43.10:576][296]LeapMotionLog: Leap Plugin shutdown.
[2019.01.18-16.43.10:576][296]BodyStateLog: Id: 1
[2019.01.18-16.43.10:577][296]LogUObjectArray: Warning: Empty slot
[2019.01.18-16.43.10:577][296]BodyStateLog: BodyState::Device Detached: Leap Motion (1)
[2019.01.18-16.43.10:585][296]LeapMotionLog: ServiceMessageLoop stopped.
[2019.01.18-16.43.10:586][296]LeapMotionLog: Connection successfully closed.
[2019.01.18-16.43.10:586][296]LogModuleManager: Shutting down and abandoning module EditableMesh (390)
[2019.01.18-16.43.10:586][296]LogModuleManager: Shutting down and abandoning module CustomMeshComponent (388)
[2019.01.18-16.43.10:586][296]LogModuleManager: Shutting down and abandoning module CableComponent (386)
[2019.01.18-16.43.10:586][296]LogModuleManager: Shutting down and abandoning module AudioCapture (384)
[2019.01.18-16.43.10:586][296]LogModuleManager: Shutting down and abandoning module ArchVisCharacter (382)
[2019.01.18-16.43.10:586][296]LogModuleManager: Shutting down and abandoning module AndroidPermission (380)
[2019.01.18-16.43.10:586][296]LogModuleManager: Shutting down and abandoning module NUTUnrealEngine4 (378)
[2019.01.18-16.43.10:586][296]LogModuleManager: Shutting down and abandoning module NetcodeUnitTest (376)
[2019.01.18-16.43.10:586][296]LogModuleManager: Shutting down and abandoning module MediaCompositingEditor (374)
[2019.01.18-16.43.10:586][296]LogModuleManager: Shutting down and abandoning module MediaCompositing (372)
[2019.01.18-16.43.10:586][296]LogModuleManager: Shutting down and abandoning module LinearTimecode (370)
[2019.01.18-16.43.10:586][296]LogModuleManager: Shutting down and abandoning module ImgMedia (368)
[2019.01.18-16.43.10:589][296]LogModuleManager: Shutting down and abandoning module HTML5Networking (366)
[2019.01.18-16.43.10:589][296]LogModuleManager: Shutting down and abandoning module GeometryCacheTracks (364)
[2019.01.18-16.43.10:589][296]LogModuleManager: Shutting down and abandoning module GeometryCacheSequencer (362)
[2019.01.18-16.43.10:589][296]LogModuleManager: Shutting down and abandoning module BackChannel (360)
[2019.01.18-16.43.10:589][296]LogModuleManager: Shutting down and abandoning module AppleVision (358)
[2019.01.18-16.43.10:589][296]LogModuleManager: Shutting down and abandoning module AppleImageUtils (356)
[2019.01.18-16.43.10:590][296]LogModuleManager: Shutting down and abandoning module AlembicImporter (354)
[2019.01.18-16.43.10:590][296]LogModuleManager: Shutting down and abandoning module AlembicLibrary (353)
[2019.01.18-16.43.10:590][296]LogModuleManager: Shutting down and abandoning module GeometryCache (352)
[2019.01.18-16.43.10:590][296]LogModuleManager: Shutting down and abandoning module GeometryCacheEd (351)
[2019.01.18-16.43.10:590][296]LogModuleManager: Shutting down and abandoning module DatasmithContentEditor (346)
[2019.01.18-16.43.10:590][296]LogModuleManager: Shutting down and abandoning module DatasmithContent (344)
[2019.01.18-16.43.10:590][296]LogModuleManager: Shutting down and abandoning module SpeedTreeImporter (342)
[2019.01.18-16.43.10:590][296]LogModuleManager: Shutting down and abandoning module PluginBrowser (340)
[2019.01.18-16.43.10:590][296]LogModuleManager: Shutting down and abandoning module MobileLauncherProfileWizard (338)
[2019.01.18-16.43.10:590][296]LogModuleManager: Shutting down and abandoning module PolygonModeling (336)
[2019.01.18-16.43.10:590][296]LogModuleManager: Shutting down and abandoning module MeshEditor (334)
[2019.01.18-16.43.10:590][296]LogModuleManager: Shutting down and abandoning module CryptoKeysOpenSSL (332)
[2019.01.18-16.43.10:590][296]LogModuleManager: Shutting down and abandoning module CryptoKeys (330)
[2019.01.18-16.43.10:590][296]LogModuleManager: Shutting down and abandoning module VisualStudioSourceCodeAccess (328)
[2019.01.18-16.43.10:590][296]LogModuleManager: Shutting down and abandoning module VisualStudioCodeSourceCodeAccess (326)
[2019.01.18-16.43.10:590][296]LogModuleManager: Shutting down and abandoning module UObjectPlugin (324)
[2019.01.18-16.43.10:590][296]LogModuleManager: Shutting down and abandoning module SubversionSourceControl (322)
[2019.01.18-16.43.10:590][296]LogModuleManager: Shutting down and abandoning module PerforceSourceControl (320)
[2019.01.18-16.43.10:590][296]LogModuleManager: Shutting down and abandoning module GitSourceControl (318)
[2019.01.18-16.43.10:590][296]LogModuleManager: Shutting down and abandoning module SourceControl (317)
[2019.01.18-16.43.10:591][296]LogModuleManager: Shutting down and abandoning module CLionSourceCodeAccess (314)
[2019.01.18-16.43.10:591][296]LogModuleManager: Shutting down and abandoning module LightPropagationVolumeEditor (312)
[2019.01.18-16.43.10:591][296]LogModuleManager: Shutting down and abandoning module PaperTiledImporter (310)
[2019.01.18-16.43.10:591][296]LogModuleManager: Shutting down and abandoning module PaperSpriteSheetImporter (308)
[2019.01.18-16.43.10:591][296]LogModuleManager: Shutting down and abandoning module Paper2DEditor (306)
[2019.01.18-16.43.10:591][296]LogModuleManager: Shutting down and abandoning module MeshPaint (305)
[2019.01.18-16.43.10:591][296]LogModuleManager: Shutting down and abandoning module RuntimePhysXCooking (302)
[2019.01.18-16.43.10:591][296]LogModuleManager: Shutting down and abandoning module PhysXVehiclesEditor (300)
[2019.01.18-16.43.10:591][296]LogModuleManager: Shutting down and abandoning module PhysXVehicles (298)
[2019.01.18-16.43.10:591][296]LogModuleManager: Shutting down and abandoning module OculusEditor (296)
[2019.01.18-16.43.10:591][296]LogModuleManager: Shutting down and abandoning module LocationServicesBPLibrary (294)
[2019.01.18-16.43.10:591][296]LogModuleManager: Shutting down and abandoning module BodyState (292)
[2019.01.18-16.43.10:591][296]BodyStateLog: Id: 2
[2019.01.18-16.43.10:591][296]LogUObjectArray: Warning: Empty slot
[2019.01.18-16.43.10:591][296]BodyStateLog: BodyState::Device Detached: HMD (0)
[2019.01.18-16.43.10:591][296]LogUObjectArray: Warning: Empty slot
[2019.01.18-16.43.10:591][296]LogModuleManager: Shutting down and abandoning module LeapMotionEditor (290)
[2019.01.18-16.43.10:591][296]LogModuleManager: Shutting down and abandoning module ImmediatePhysicsEditor (288)
[2019.01.18-16.43.10:591][296]LogModuleManager: Shutting down and abandoning module ImmediatePhysics (286)
[2019.01.18-16.43.10:591][296]LogModuleManager: Shutting down and abandoning module ActorSequence (284)
[2019.01.18-16.43.10:591][296]LogModuleManager: Shutting down and abandoning module UdpMessaging (282)
[2019.01.18-16.43.10:692][296]LogModuleManager: Shutting down and abandoning module TcpMessaging (280)
[2019.01.18-16.43.10:793][296]LogModuleManager: Shutting down and abandoning module MagicLeapAudio (278)
[2019.01.18-16.43.10:793][296]LogModuleManager: Shutting down and abandoning module GameplayTagsEditor (276)
[2019.01.18-16.43.10:793][296]LogModuleManager: Shutting down and abandoning module FacialAnimationEditor (274)
[2019.01.18-16.43.10:793][296]LogModuleManager: Shutting down and abandoning module FacialAnimation (272)
[2019.01.18-16.43.10:793][296]LogModuleManager: Shutting down and abandoning module DataValidation (270)
[2019.01.18-16.43.10:793][296]LogModuleManager: Shutting down and abandoning module AssetManagerEditor (268)
[2019.01.18-16.43.10:793][296]LogModuleManager: Shutting down and abandoning module LevelEditor (267)
[2019.01.18-16.43.10:794][296]LogModuleManager: Shutting down and abandoning module PixelInspectorModule (266)
[2019.01.18-16.43.10:794][296]LogModuleManager: Shutting down and abandoning module CommonMenuExtensions (264)
[2019.01.18-16.43.10:794][296]LogModuleManager: Shutting down and abandoning module MainFrame (262)
[2019.01.18-16.43.10:794][296]LogModuleManager: Shutting down and abandoning module HotReload (261)
[2019.01.18-16.43.10:794][296]LogModuleManager: Shutting down and abandoning module ContentBrowser (257)
[2019.01.18-16.43.10:795][296]LogModuleManager: Shutting down and abandoning module TreeMap (255)
[2019.01.18-16.43.10:795][296]LogModuleManager: Shutting down and abandoning module LightPropagationVolumeRuntime (252)
[2019.01.18-16.43.10:795][296]LogModuleManager: Shutting down and abandoning module AISupportModule (250)
[2019.01.18-16.43.10:795][296]LogModuleManager: Shutting down and abandoning module Paper2D (248)
[2019.01.18-16.43.10:795][296]LogModuleManager: Shutting down and abandoning module WindowsMoviePlayer (246)
[2019.01.18-16.43.10:795][296]LogModuleManager: Shutting down and abandoning module WmfMedia (244)
[2019.01.18-16.43.10:796][296]LogModuleManager: Shutting down and abandoning module Media (243)
[2019.01.18-16.43.10:803][296]LogModuleManager: Shutting down and abandoning module PacketHandler (240)
[2019.01.18-16.43.10:804][296]LogModuleManager: Shutting down and abandoning module ClothingSystemEditor (238)
[2019.01.18-16.43.10:804][296]LogModuleManager: Shutting down and abandoning module ClothingSystemRuntime (236)
[2019.01.18-16.43.10:804][296]LogModuleManager: Shutting down and abandoning module MediaAssets (234)
[2019.01.18-16.43.10:804][296]LogModuleManager: Shutting down and abandoning module Overlay (232)
[2019.01.18-16.43.10:804][296]LogModuleManager: Shutting down and abandoning module OverlayEditor (231)
[2019.01.18-16.43.10:804][296]LogModuleManager: Shutting down and abandoning module VREditor (228)
[2019.01.18-16.43.10:804][296]LogModuleManager: Shutting down and abandoning module StringTableEditor (226)
[2019.01.18-16.43.10:804][296]LogModuleManager: Shutting down and abandoning module GameplayTasksEditor (224)
[2019.01.18-16.43.10:804][296]LogModuleManager: Shutting down and abandoning module BehaviorTreeEditor (222)
[2019.01.18-16.43.10:804][296]LogModuleManager: Shutting down and abandoning module FunctionalTesting (220)
[2019.01.18-16.43.10:804][296]LogModuleManager: Shutting down and abandoning module CollisionAnalyzer (218)
[2019.01.18-16.43.10:804][296]LogModuleManager: Shutting down and abandoning module WorkspaceMenuStructure (217)
[2019.01.18-16.43.10:804][296]LogModuleManager: Shutting down and abandoning module UMG (214)
[2019.01.18-16.43.10:804][296]LogModuleManager: Shutting down and abandoning module UMGEditor (213)
[2019.01.18-16.43.10:804][296]LogModuleManager: Shutting down and abandoning module Sequencer (212)
[2019.01.18-16.43.10:804][296]LogModuleManager: Shutting down and abandoning module MessageLog (209)
[2019.01.18-16.43.10:804][296]LogModuleManager: Shutting down and abandoning module SlateReflector (204)
[2019.01.18-16.43.10:804][296]LogModuleManager: Shutting down and abandoning module Slate (202)
[2019.01.18-16.43.10:804][296]LogModuleManager: Shutting down and abandoning module EditorStyle (200)
[2019.01.18-16.43.10:805][296]LogModuleManager: Shutting down and abandoning module MRMesh (198)
[2019.01.18-16.43.10:806][296]LogModuleManager: Shutting down and abandoning module SourceCodeAccess (196)
[2019.01.18-16.43.10:806][296]LogModuleManager: Shutting down and abandoning module HeadMountedDisplay (194)
[2019.01.18-16.43.10:806][296]LogModuleManager: Shutting down and abandoning module XAudio2 (192)
[2019.01.18-16.43.10:806][296]LogModuleManager: Shutting down and abandoning module Networking (190)
[2019.01.18-16.43.10:806][296]LogModuleManager: Shutting down and abandoning module Core (188)
[2019.01.18-16.43.10:806][296]LogModuleManager: Shutting down and abandoning module LevelSequence (186)
[2019.01.18-16.43.10:806][296]LogModuleManager: Shutting down and abandoning module KismetCompiler (184)
[2019.01.18-16.43.10:806][296]LogModuleManager: Shutting down and abandoning module MeshUtilities (182)
[2019.01.18-16.43.10:806][296]LogModuleManager: Shutting down and abandoning module MeshMergeUtilities (181)
[2019.01.18-16.43.10:806][296]LogModuleManager: Shutting down and abandoning module MeshReductionInterface (180)
[2019.01.18-16.43.10:806][296]LogModuleManager: Shutting down and abandoning module SimplygonSwarm (179)
[2019.01.18-16.43.10:806][296]LogModuleManager: Shutting down and abandoning module ProxyLODMeshReduction (177)
[2019.01.18-16.43.10:806][296]LogModuleManager: Shutting down and abandoning module SimplygonMeshReduction (175)
[2019.01.18-16.43.10:806][296]LogModuleManager: Shutting down and abandoning module QuadricMeshReduction (173)
[2019.01.18-16.43.10:806][296]LogModuleManager: Shutting down and abandoning module MaterialBaking (169)
[2019.01.18-16.43.10:806][296]LogModuleManager: Shutting down and abandoning module DirectoryWatcher (165)
[2019.01.18-16.43.10:806][296]LogModuleManager: Shutting down and abandoning module DerivedDataCache (162)
[2019.01.18-16.43.11:010][296]LogDerivedDataCache: Shutdown
[2019.01.18-16.43.11:010][296]LogModuleManager: Shutting down and abandoning module XGEController (160)
[2019.01.18-16.43.11:010][296]LogXGEController: Cleaning working directory: C:/Users/simig/AppData/Local/Temp/UnrealXGEWorkingDir/
[2019.01.18-16.43.11:010][296]LogModuleManager: Shutting down and abandoning module TargetPlatform (158)
[2019.01.18-16.43.11:010][296]LogModuleManager: Shutting down and abandoning module VulkanShaderFormat (157)
[2019.01.18-16.43.11:010][296]LogModuleManager: Shutting down and abandoning module ShaderFormatVectorVM (155)
[2019.01.18-16.43.11:010][296]LogModuleManager: Shutting down and abandoning module ShaderFormatOpenGL (153)
[2019.01.18-16.43.11:010][296]LogModuleManager: Shutting down and abandoning module ShaderFormatD3D (151)
[2019.01.18-16.43.11:010][296]LogModuleManager: Shutting down and abandoning module MetalShaderFormat (149)
[2019.01.18-16.43.11:010][296]LogModuleManager: Shutting down and abandoning module TextureFormatUncompressed (147)
[2019.01.18-16.43.11:010][296]LogModuleManager: Shutting down and abandoning module TextureFormatPVR (145)
[2019.01.18-16.43.11:010][296]LogModuleManager: Shutting down and abandoning module TextureFormatDXT (143)
[2019.01.18-16.43.11:010][296]LogModuleManager: Shutting down and abandoning module TextureFormatIntelISPCTexComp (141)
[2019.01.18-16.43.11:010][296]LogModuleManager: Shutting down and abandoning module TextureFormatASTC (139)
[2019.01.18-16.43.11:010][296]LogModuleManager: Shutting down and abandoning module ImageWrapper (138)
[2019.01.18-16.43.11:010][296]LogModuleManager: Shutting down and abandoning module TextureFormatAndroid (135)
[2019.01.18-16.43.11:010][296]LogModuleManager: Shutting down and abandoning module AudioFormatOpus (133)
[2019.01.18-16.43.11:010][296]LogModuleManager: Shutting down and abandoning module AudioFormatOgg (131)
[2019.01.18-16.43.11:010][296]LogModuleManager: Shutting down and abandoning module AudioFormatADPCM (129)
[2019.01.18-16.43.11:010][296]LogModuleManager: Shutting down and abandoning module LuminTargetPlatform (127)
[2019.01.18-16.43.11:010][296]LogModuleManager: Shutting down and abandoning module LinuxTargetPlatform (125)
[2019.01.18-16.43.11:010][296]LogModuleManager: Shutting down and abandoning module LinuxServerTargetPlatform (123)
[2019.01.18-16.43.11:010][296]LogModuleManager: Shutting down and abandoning module LinuxNoEditorTargetPlatform (121)
[2019.01.18-16.43.11:010][296]LogModuleManager: Shutting down and abandoning module LinuxClientTargetPlatform (119)
[2019.01.18-16.43.11:010][296]LogModuleManager: Shutting down and abandoning module TVOSTargetPlatform (117)
[2019.01.18-16.43.11:011][296]LogModuleManager: Shutting down and abandoning module Messaging (115)
[2019.01.18-16.43.11:011][296]LogModuleManager: Shutting down and abandoning module IOSTargetPlatform (113)
[2019.01.18-16.43.11:012][296]LogModuleManager: Shutting down and abandoning module HTML5TargetPlatform (111)
[2019.01.18-16.43.11:012][296]LogModuleManager: Shutting down and abandoning module AndroidTargetPlatform (109)
[2019.01.18-16.43.11:018][296]LogModuleManager: Shutting down and abandoning module WindowsTargetPlatform (107)
[2019.01.18-16.43.11:018][296]LogModuleManager: Shutting down and abandoning module WindowsServerTargetPlatform (105)
[2019.01.18-16.43.11:018][296]LogModuleManager: Shutting down and abandoning module WindowsNoEditorTargetPlatform (103)
[2019.01.18-16.43.11:018][296]LogModuleManager: Shutting down and abandoning module WindowsClientTargetPlatform (101)
[2019.01.18-16.43.11:018][296]LogModuleManager: Shutting down and abandoning module MacTargetPlatform (99)
[2019.01.18-16.43.11:018][296]LogModuleManager: Shutting down and abandoning module MacServerTargetPlatform (97)
[2019.01.18-16.43.11:018][296]LogModuleManager: Shutting down and abandoning module MacNoEditorTargetPlatform (95)
[2019.01.18-16.43.11:018][296]LogModuleManager: Shutting down and abandoning module MacClientTargetPlatform (93)
[2019.01.18-16.43.11:018][296]LogModuleManager: Shutting down and abandoning module AllDesktopTargetPlatform (91)
[2019.01.18-16.43.11:018][296]LogModuleManager: Shutting down and abandoning module InputCore (88)
[2019.01.18-16.43.11:018][296]LogModuleManager: Shutting down and abandoning module Settings (86)
[2019.01.18-16.43.11:018][296]LogModuleManager: Shutting down and abandoning module PhysXCooking (84)
[2019.01.18-16.43.11:018][296]LogModuleManager: Shutting down and abandoning module SteamVR (82)
[2019.01.18-16.43.11:018][296]LogModuleManager: Shutting down and abandoning module OculusHMD (80)
[2019.01.18-16.43.11:018][296]LogModuleManager: Shutting down and abandoning module ExampleDeviceProfileSelector (78)
[2019.01.18-16.43.11:018][296]LogModuleManager: Shutting down and abandoning module LauncherChunkInstaller (76)
[2019.01.18-16.43.11:018][296]LogModuleManager: Shutting down and abandoning module OnlineBlueprintSupport (74)
[2019.01.18-16.43.11:018][296]LogModuleManager: Shutting down and abandoning module OnlineSubsystem (70)
[2019.01.18-16.43.11:019][296]LogModuleManager: Shutting down and abandoning module XMPP (65)
[2019.01.18-16.43.11:019][296]LogModuleManager: Shutting down and abandoning module WebSockets (64)
[2019.01.18-16.43.11:030][296]LogModuleManager: Shutting down and abandoning module HTTP (61)
[2019.01.18-16.43.11:030][296]LogHttp: Display: Http module shutting down, but needs to wait on 1 outstanding Http requests:
[2019.01.18-16.43.11:030][296]LogHttp: Display: 	verb=[POST] url=[https://datarouter.ol.epicgames.com/datarouter/api/v1/public/data?SessionID=%7B6D031CE5-407A-4559-B47F-41AFB0828AE7%7D&AppID=UEEditor.Rocket.Release&AppVersion=4.20.3-4369336%2B%2B%2BUE4%2BRelease-4.20&UserID=fac9549b436dca3604d1a5bc7c081484%7C83400203e6e243c9ad23ce88e74dd04b%7C03c45647-8710-486e-90a3-8f215ab63bcb&AppEnvironment=datacollector-binary&UploadType=eteventstream] status=Processing
[2019.01.18-16.43.11:030][296]LogHttp: Display: Sleeping 0.5s to wait for 1 outstanding Http requests.
[2019.01.18-16.43.11:531][296]LogHttp: Display: Sleeping 0.5s to wait for 1 outstanding Http requests.
[2019.01.18-16.43.12:031][296]LogHttp: Display: Sleeping 0.5s to wait for 1 outstanding Http requests.
[2019.01.18-16.43.12:532][296]LogHttp: Display: Sleeping 0.5s to wait for 1 outstanding Http requests.
[2019.01.18-16.43.13:033][296]LogHttp: Display: Sleeping 0.5s to wait for 1 outstanding Http requests.
[2019.01.18-16.43.13:533][296]LogHttp: Display: Sleeping 0.5s to wait for 1 outstanding Http requests.
[2019.01.18-16.43.14:034][296]LogHttp: Display: Sleeping 0.5s to wait for 1 outstanding Http requests.
[2019.01.18-16.43.14:535][296]LogHttp: Display: Sleeping 0.5s to wait for 1 outstanding Http requests.
[2019.01.18-16.43.15:036][296]LogHttp: Display: Sleeping 0.5s to wait for 1 outstanding Http requests.
[2019.01.18-16.43.15:536][296]LogHttp: Display: Sleeping 0.5s to wait for 1 outstanding Http requests.
[2019.01.18-16.43.16:037][296]LogHttp: Display: Sleeping 0.5s to wait for 1 outstanding Http requests.
[2019.01.18-16.43.16:550][296]LogModuleManager: Shutting down and abandoning module SSL (60)
[2019.01.18-16.43.16:551][296]LogModuleManager: Shutting down and abandoning module MagicLeapEmulator (56)
[2019.01.18-16.43.16:551][296]LogModuleManager: Shutting down and abandoning module MagicLeapPrivileges (54)
[2019.01.18-16.43.16:551][296]LogModuleManager: Shutting down and abandoning module MagicLeapIdentity (52)
[2019.01.18-16.43.16:551][296]LogModuleManager: Shutting down and abandoning module MagicLeapHelperVulkan (50)
[2019.01.18-16.43.16:551][296]LogModuleManager: Shutting down and abandoning module MagicLeapHelperOpenGL (48)
[2019.01.18-16.43.16:551][296]LogModuleManager: Shutting down and abandoning module MagicLeapSecureStorage (46)
[2019.01.18-16.43.16:552][296]LogModuleManager: Shutting down and abandoning module MagicLeapGestures (44)
[2019.01.18-16.43.16:552][296]LogModuleManager: Shutting down and abandoning module MagicLeapEyeTracker (42)
[2019.01.18-16.43.16:552][296]LogModuleManager: Shutting down and abandoning module MagicLeapController (40)
[2019.01.18-16.43.16:552][296]LogSlate: Slate User Destroyed.  User Index 0, Is Virtual User: 0
[2019.01.18-16.43.16:552][296]LogSlate: Slate User Destroyed.  User Index 8, Is Virtual User: 1
[2019.01.18-16.43.16:552][296]LogModuleManager: Shutting down and abandoning module MagicLeap (38)
[2019.01.18-16.43.16:552][296]LogModuleManager: Shutting down and abandoning module AnimationModifiers (36)
[2019.01.18-16.43.16:552][296]LogModuleManager: Shutting down and abandoning module PropertyEditor (35)
[2019.01.18-16.43.16:552][296]LogModuleManager: Shutting down and abandoning module AudioEditor (32)
[2019.01.18-16.43.16:552][296]LogModuleManager: Shutting down and abandoning module TextureCompressor (30)
[2019.01.18-16.43.16:552][296]LogModuleManager: Shutting down and abandoning module ShaderCore (28)
[2019.01.18-16.43.16:552][296]LogModuleManager: Shutting down and abandoning module Landscape (26)
[2019.01.18-16.43.16:552][296]LogModuleManager: Shutting down and abandoning module SlateRHIRenderer (24)
[2019.01.18-16.43.16:553][296]LogModuleManager: Shutting down and abandoning module OpenGLDrv (22)
[2019.01.18-16.43.16:553][296]LogModuleManager: Shutting down and abandoning module D3D11RHI (20)
[2019.01.18-16.43.16:553][296]LogModuleManager: Shutting down and abandoning module AnimGraphRuntime (18)
[2019.01.18-16.43.16:553][296]LogModuleManager: Shutting down and abandoning module Renderer (16)
[2019.01.18-16.43.16:553][296]LogModuleManager: Shutting down and abandoning module Engine (14)
[2019.01.18-16.43.16:553][296]LogModuleManager: Shutting down and abandoning module CoreUObject (12)
[2019.01.18-16.43.16:553][296]LogModuleManager: Shutting down and abandoning module NetworkFile (10)
[2019.01.18-16.43.16:553][296]LogModuleManager: Shutting down and abandoning module CookedIterativeFile (8)
[2019.01.18-16.43.16:553][296]LogModuleManager: Shutting down and abandoning module StreamingFile (6)
[2019.01.18-16.43.16:553][296]LogModuleManager: Shutting down and abandoning module SandboxFile (4)
[2019.01.18-16.43.16:553][296]LogModuleManager: Shutting down and abandoning module PakFile (2)
[2019.01.18-16.43.16:560][296]LogExit: Exiting.
[2019.01.18-16.43.16:573][296]Log file closed, 01/18/19 11:43:16
