Log file open, 01/18/19 11:07:14
LogWindows: Failed to load 'aqProf.dll' (GetLastError=126)
LogWindows: File 'aqProf.dll' does not exist
LogWindows: Failed to load 'VSPerf140.dll' (GetLastError=126)
LogWindows: File 'VSPerf140.dll' does not exist
LogWindows: Failed to load 'VtuneApi.dll' (GetLastError=126)
LogWindows: File 'VtuneApi.dll' does not exist
LogWindows: Failed to load 'VtuneApi32e.dll' (GetLastError=126)
LogWindows: File 'VtuneApi32e.dll' does not exist
LogInit: Display: Running engine for game: Drugmatic_WC
LogPlatformFile: Not using cached read wrapper
LogTaskGraph: Started task graph with 5 named threads and 23 total threads with 3 sets of task threads.
LogStats: Stats thread started at 0.308968
LogD3D11RHI: Loaded GFSDK_Aftermath_Lib.x64.dll
LogICUInternationalization: Display: ICU TimeZone Detection - Raw Offset: -5:00, Platform Override: ''
LogPluginManager: Mounting plugin Paper2D
LogPluginManager: Mounting plugin AISupport
LogPluginManager: Mounting plugin LightPropagationVolume
LogPluginManager: Mounting plugin CLionSourceCodeAccess
LogPluginManager: Mounting plugin CodeLiteSourceCodeAccess
LogPluginManager: Mounting plugin GitSourceControl
LogPluginManager: Mounting plugin KDevelopSourceCodeAccess
LogPluginManager: Mounting plugin NullSourceCodeAccess
LogPluginManager: Mounting plugin PerforceSourceControl
LogPluginManager: Mounting plugin SubversionSourceControl
LogPluginManager: Mounting plugin UObjectPlugin
LogPluginManager: Mounting plugin VisualStudioCodeSourceCodeAccess
LogPluginManager: Mounting plugin VisualStudioSourceCodeAccess
LogPluginManager: Mounting plugin XCodeSourceCodeAccess
LogPluginManager: Mounting plugin AssetManagerEditor
LogPluginManager: Mounting plugin CryptoKeys
LogPluginManager: Mounting plugin DataValidation
LogPluginManager: Mounting plugin FacialAnimation
LogPluginManager: Mounting plugin GameplayTagsEditor
LogPluginManager: Mounting plugin MacGraphicsSwitching
LogPluginManager: Mounting plugin MeshEditor
LogPluginManager: Mounting plugin MobileLauncherProfileWizard
LogPluginManager: Mounting plugin PluginBrowser
LogPluginManager: Mounting plugin SpeedTreeImporter
LogPluginManager: Mounting plugin DatasmithContent
LogPluginManager: Mounting plugin AlembicImporter
LogPluginManager: Mounting plugin AppleImageUtils
LogPluginManager: Mounting plugin AppleVision
LogPluginManager: Mounting plugin BackChannel
LogPluginManager: Mounting plugin CharacterAI
LogPluginManager: Mounting plugin GeometryCache
LogPluginManager: Mounting plugin HTML5Networking
LogPluginManager: Mounting plugin ProxyLODPlugin
LogPluginManager: Mounting plugin MagicLeap
LogPluginManager: Mounting plugin MagicLeapEmulator
LogPluginManager: Mounting plugin MagicLeapMedia
LogPluginManager: Mounting plugin AndroidMedia
LogPluginManager: Mounting plugin AvfMedia
LogPluginManager: Mounting plugin ImgMedia
LogPluginManager: Mounting plugin LinearTimecode
LogPluginManager: Mounting plugin MediaCompositing
LogPluginManager: Mounting plugin MediaPlayerEditor
LogPluginManager: Mounting plugin WmfMedia
LogPluginManager: Mounting plugin TcpMessaging
LogPluginManager: Mounting plugin UdpMessaging
LogPluginManager: Mounting plugin ActorSequence
LogPluginManager: Mounting plugin LevelSequenceEditor
LogPluginManager: Mounting plugin MatineeToLevelSequence
LogPluginManager: Mounting plugin NetcodeUnitTest
LogPluginManager: Mounting plugin NUTUnrealEngine4
LogPluginManager: Mounting plugin OnlineSubsystemGooglePlay
LogPluginManager: Mounting plugin OnlineSubsystemIOS
LogPluginManager: Mounting plugin OnlineSubsystem
LogPluginManager: Mounting plugin OnlineSubsystemNull
LogPluginManager: Mounting plugin OnlineSubsystemUtils
LogPluginManager: Mounting plugin LauncherChunkInstaller
LogPluginManager: Mounting plugin AndroidDeviceProfileSelector
LogPluginManager: Mounting plugin AndroidMoviePlayer
LogPluginManager: Mounting plugin AndroidPermission
LogPluginManager: Mounting plugin AppleMoviePlayer
LogPluginManager: Mounting plugin ArchVisCharacter
LogPluginManager: Mounting plugin AudioCapture
LogPluginManager: Mounting plugin CableComponent
LogPluginManager: Mounting plugin CustomMeshComponent
LogPluginManager: Mounting plugin EditableMesh
LogPluginManager: Mounting plugin ExampleDeviceProfileSelector
LogPluginManager: Mounting plugin GoogleCloudMessaging
LogPluginManager: Mounting plugin ImmediatePhysics
LogPluginManager: Mounting plugin IOSDeviceProfileSelector
LogPluginManager: Mounting plugin LeapMotion
LogPluginManager: Mounting plugin LinuxDeviceProfileSelector
LogPluginManager: Mounting plugin LocationServicesBPLibrary
LogPluginManager: Mounting plugin MobilePatchingUtils
LogPluginManager: Mounting plugin OculusVR
LogPluginManager: Plugin shader directory ../../../Engine/Plugins/Runtime/Oculus/OculusVR/Shaders found
LogPluginManager: Mapping shader source directory ../../../Engine/Plugins/Runtime/Oculus/OculusVR/Shaders to virtual directory /Plugin/OculusVR
LogPluginManager: Mounting plugin PhysXVehicles
LogPluginManager: Mounting plugin ProceduralMeshComponent
LogPluginManager: Mounting plugin RuntimePhysXCooking
LogPluginManager: Mounting plugin SteamVR
LogPluginManager: Mounting plugin WindowsMoviePlayer
LogStreaming: Display: Took  0.154s to configure plugins.
LogInit: Using libcurl 7.55.1-DEV
LogInit:  - built for x86_64-pc-win32
LogInit:  - supports SSL with OpenSSL/1.0.2h
LogInit:  - supports HTTP deflate (compression) using libz 1.2.8
LogInit:  - other features:
LogInit:      CURL_VERSION_SSL
LogInit:      CURL_VERSION_LIBZ
LogInit:      CURL_VERSION_IPV6
LogInit:      CURL_VERSION_ASYNCHDNS
LogInit:      CURL_VERSION_LARGEFILE
LogInit:      CURL_VERSION_IDN
LogInit:  CurlRequestOptions (configurable via config and command line):
LogInit:  - bVerifyPeer = false  - Libcurl will NOT verify peer certificate
LogInit:  - bUseHttpProxy = false  - Libcurl will NOT use HTTP proxy
LogInit:  - bDontReuseConnections = false  - Libcurl will reuse connections
LogInit:  - CertBundlePath = nullptr  - Libcurl will use whatever was configured at build time.
LogInit:  - MaxHostConnections = 16  - Libcurl will limit the number of connections to a host
LogInit:  - LocalHostAddr = Default
LogInit:  - BufferSize = 65536
LogInit: WinSock: version 1.1 (2.2), MaxSocks=32767, MaxUdp=65467
LogHMD: Failed initializing OVRPlugin 1.25.0
LogInit: Build: ++UE4+Release-4.20-CL-4369336
LogInit: Engine Version: 4.20.3-4369336+++UE4+Release-4.20
LogInit: Compatible Engine Version: 4.20.0-4212847+++UE4+Release-4.20
LogInit: Net CL: 4212847
LogInit: OS: Windows 10 (), CPU: Intel(R) Core(TM) i7-7700HQ CPU @ 2.80GHz, GPU: Intel(R) HD Graphics 630
LogInit: Compiled (64-bit): Sep 17 2018 12:26:19
LogInit: Compiled with Visual C++: 19.13.26129.00
LogInit: Build Configuration: Development
LogInit: Branch Name: ++UE4+Release-4.20
LogInit: Command Line:  
LogInit: Base Directory: D:/Program Files/Epic Games/UE_4.20/Engine/Binaries/Win64/
LogInit: Installed Engine Build: 1
LogDevObjectVersion: Number of dev versions registered: 20
LogDevObjectVersion:   Dev-Blueprints (B0D832E4-1F89-4F0D-ACCF-7EB736FD4AA2): 10
LogDevObjectVersion:   Dev-Build (E1C64328-A22C-4D53-A36C-8E866417BD8C): 0
LogDevObjectVersion:   Dev-Core (375EC13C-06E4-48FB-B500-84F0262A717E): 2
LogDevObjectVersion:   Dev-Editor (E4B068ED-F494-42E9-A231-DA0B2E46BB41): 24
LogDevObjectVersion:   Dev-Framework (CFFC743F-43B0-4480-9391-14DF171D2073): 34
LogDevObjectVersion:   Dev-Mobile (B02B49B5-BB20-44E9-A304-32B752E40360): 2
LogDevObjectVersion:   Dev-Networking (A4E4105C-59A1-49B5-A7C5-40C4547EDFEE): 0
LogDevObjectVersion:   Dev-Online (39C831C9-5AE6-47DC-9A44-9C173E1C8E7C): 0
LogDevObjectVersion:   Dev-Physics (78F01B33-EBEA-4F98-B9B4-84EACCB95AA2): 0
LogDevObjectVersion:   Dev-Platform (6631380F-2D4D-43E0-8009-CF276956A95A): 0
LogDevObjectVersion:   Dev-Rendering (12F88B9F-8875-4AFC-A67C-D90C383ABD29): 26
LogDevObjectVersion:   Dev-Sequencer (7B5AE74C-D270-4C10-A958-57980B212A5A): 9
LogDevObjectVersion:   Dev-VR (D7296918-1DD6-4BDD-9DE2-64A83CC13884): 2
LogDevObjectVersion:   Dev-LoadTimes (C2A15278-BFE7-4AFE-6C17-90FF531DF755): 1
LogDevObjectVersion:   Private-Geometry (6EACA3D4-40EC-4CC1-B786-8BED09428FC5): 3
LogDevObjectVersion:   Dev-AnimPhys (29E575DD-E0A3-4627-9D10-D276232CDCEA): 17
LogDevObjectVersion:   Dev-ReflectionCapture (6B266CEC-1EC7-4B8F-A30B-E4D90942FC07): 1
LogDevObjectVersion:   Dev-Automation (0DF73D61-A23F-47EA-B727-89E90C41499A): 1
LogDevObjectVersion:   FortniteMain (601D1886-AC64-4F84-AA16-D3DE0DEAC7D6): 12
LogDevObjectVersion:   Dev-Enterprise (9DFFBCD6-494F-0158-E221-12823C92A888): 1
LogStreaming: Display: Took  0.000s to delete old logs.
LogInit: Presizing for max 8388607 objects, including 0 objects not considered by GC, pre-allocating 0 bytes for permanent pool.
LogInit: Object subsystem initialized
[2019.01.18-16.07.15:337][  0]LogInit: Selected Device Profile: [Windows]
[2019.01.18-16.07.15:337][  0]LogInit: Applying CVar settings loaded from the selected device profile: [Windows]
[2019.01.18-16.07.15:346][  0]LogHAL: Display: Platform has ~ 32 GB [34241679360 / 34359738368 / 32], which maps to Largest [LargestMinGB=32, LargerMinGB=12, DefaultMinGB=8, SmallerMinGB=6, SmallestMinGB=0)
[2019.01.18-16.07.15:346][  0]LogInit: Setting Device Profile CVar: [[r.Vulkan.UseRealUBs:1]]
[2019.01.18-16.07.15:346][  0]LogInit: Going up to parent DeviceProfile []
[2019.01.18-16.07.15:347][  0]LogInit: Computer: MSI
[2019.01.18-16.07.15:347][  0]LogInit: User: simig
[2019.01.18-16.07.15:347][  0]LogInit: CPU Page size=4096, Cores=4
[2019.01.18-16.07.15:347][  0]LogInit: High frequency timer resolution =2.742187 MHz
[2019.01.18-16.07.15:347][  0]LogMemory: Memory total: Physical=31.9GB (32GB approx)
[2019.01.18-16.07.15:347][  0]LogMemory: Platform Memory Stats for Windows
[2019.01.18-16.07.15:347][  0]LogMemory: Process Physical Memory: 101.38 MB used, 101.38 MB peak
[2019.01.18-16.07.15:347][  0]LogMemory: Process Virtual Memory: 93.66 MB used, 93.66 MB peak
[2019.01.18-16.07.15:347][  0]LogMemory: Physical Memory: 10251.67 MB used,  22403.74 MB free, 32655.41 MB total
[2019.01.18-16.07.15:347][  0]LogMemory: Virtual Memory: 4650.64 MB used,  22403.74 MB free, 134217728.00 MB total
[2019.01.18-16.07.15:628][  0]LogInit: Using OS detected language (en-US).
[2019.01.18-16.07.15:628][  0]LogInit: Using OS detected locale (en-US).
[2019.01.18-16.07.15:628][  0]LogTextLocalizationManager: No specific localization for 'en-US' exists, so the 'en' localization will be used.
[2019.01.18-16.07.16:003][  0]LogStreaming: Display: Took  0.376s to InitEngineTextLocalization.
[2019.01.18-16.07.16:003][  0]LogInit: Setting process to per monitor DPI aware
[2019.01.18-16.07.16:047][  0]LogSlate: New Slate User Created.  User Index 0, Is Virtual User: 0
[2019.01.18-16.07.16:047][  0]LogSlate: Slate User Registered.  User Index 0, Is Virtual User: 0
[2019.01.18-16.07.16:283][  0]LogHMD: Failed to initialize OpenVR with code 126
[2019.01.18-16.07.16:283][  0]LogD3D11RHI: D3D11 adapters:
[2019.01.18-16.07.17:765][  0]LogD3D11RHI:    0. 'NVIDIA GeForce GTX 1070 with Max-Q Design' (Feature Level 11_0)
[2019.01.18-16.07.17:765][  0]LogD3D11RHI:       8081/0/16327 MB DedicatedVideo/DedicatedSystem/SharedSystem, Outputs:1, VendorId:0x10de
[2019.01.18-16.07.17:778][  0]LogD3D11RHI:    1. 'Intel(R) HD Graphics 630' (Feature Level 11_0)
[2019.01.18-16.07.17:778][  0]LogD3D11RHI:       128/0/16327 MB DedicatedVideo/DedicatedSystem/SharedSystem, Outputs:0, VendorId:0x8086
[2019.01.18-16.07.17:780][  0]LogD3D11RHI:    2. 'Microsoft Basic Render Driver' (Feature Level 11_0)
[2019.01.18-16.07.17:780][  0]LogD3D11RHI:       0/0/16327 MB DedicatedVideo/DedicatedSystem/SharedSystem, Outputs:0, VendorId:0x1414
[2019.01.18-16.07.17:780][  0]LogD3D11RHI: Chosen D3D11 Adapter: 0
[2019.01.18-16.07.17:811][  0]LogD3D11RHI: Creating new Direct3DDevice
[2019.01.18-16.07.17:811][  0]LogD3D11RHI:     GPU DeviceId: 0x1ba1 (for the marketing name, search the web for "GPU Device Id")
[2019.01.18-16.07.17:811][  0]LogWindows: EnumDisplayDevices:
[2019.01.18-16.07.17:811][  0]LogWindows:    0. 'Intel(R) HD Graphics 630' (P:1 D:1)
[2019.01.18-16.07.17:812][  0]LogWindows:    1. 'Intel(R) HD Graphics 630' (P:0 D:0)
[2019.01.18-16.07.17:812][  0]LogWindows:    2. 'Intel(R) HD Graphics 630' (P:0 D:0)
[2019.01.18-16.07.17:813][  0]LogWindows:    3. 'NVIDIA GeForce GTX 1070 with Max-Q Design' (P:0 D:0)
[2019.01.18-16.07.17:813][  0]LogWindows:    4. 'NVIDIA GeForce GTX 1070 with Max-Q Design' (P:0 D:0)
[2019.01.18-16.07.17:814][  0]LogWindows:    5. 'NVIDIA GeForce GTX 1070 with Max-Q Design' (P:0 D:0)
[2019.01.18-16.07.17:814][  0]LogWindows:    6. 'NVIDIA GeForce GTX 1070 with Max-Q Design' (P:0 D:0)
[2019.01.18-16.07.17:814][  0]LogWindows: DebugString: PrimaryIsNotTheChoosenAdapter PrimaryIsNotTheChoosenAdapter PrimaryIsNotTheChoosenAdapter FoundDriverCount:4 
[2019.01.18-16.07.17:814][  0]LogD3D11RHI:     Adapter Name: NVIDIA GeForce GTX 1070 with Max-Q Design
[2019.01.18-16.07.17:814][  0]LogD3D11RHI:   Driver Version: 417.01 (internal:25.21.14.1701, unified:417.01)
[2019.01.18-16.07.17:814][  0]LogD3D11RHI:      Driver Date: 11-15-2018
[2019.01.18-16.07.17:815][  0]LogRHI: Texture pool is 5656 MB (70% of 8081 MB)
[2019.01.18-16.07.18:109][  0]LogD3D11RHI: Async texture creation enabled
[2019.01.18-16.07.18:132][  0]LogD3D11RHI: GPU Timing Frequency: 1000.000000 (Debug: 2 2)
[2019.01.18-16.07.18:134][  0]LogShaderCompilers: Guid format shader working directory is 0 characters bigger than the processId version (../../../../../../Unreal Projects/Drugmatic_WC/Intermediate/Shaders/WorkingDirectory/1140/).
[2019.01.18-16.07.18:134][  0]LogShaderCompilers: Cleaned the shader compiler working directory 'C:/Users/simig/AppData/Local/Temp/UnrealShaderWorkingDir/18BEE2C54810A80C1F97559A3F8CFC87/'.
[2019.01.18-16.07.18:457][  0]LogTemp: Display: Loaded TP AllDesktopTargetPlatform
[2019.01.18-16.07.18:470][  0]LogTemp: Display: Loaded TP MacClientTargetPlatform
[2019.01.18-16.07.18:484][  0]LogTemp: Display: Loaded TP MacNoEditorTargetPlatform
[2019.01.18-16.07.18:499][  0]LogTemp: Display: Loaded TP MacServerTargetPlatform
[2019.01.18-16.07.18:513][  0]LogTemp: Display: Loaded TP MacTargetPlatform
[2019.01.18-16.07.18:526][  0]LogTemp: Display: Loaded TP WindowsClientTargetPlatform
[2019.01.18-16.07.18:539][  0]LogTemp: Display: Loaded TP WindowsNoEditorTargetPlatform
[2019.01.18-16.07.18:553][  0]LogTemp: Display: Loaded TP WindowsServerTargetPlatform
[2019.01.18-16.07.18:559][  0]LogTemp: Display: Loaded TP WindowsTargetPlatform
[2019.01.18-16.07.18:640][  0]LogTemp: Display: Loaded TP AndroidTargetPlatform
[2019.01.18-16.07.18:640][  0]LogTemp: Display: Loaded TP AndroidTargetPlatform
[2019.01.18-16.07.18:640][  0]LogTemp: Display: Loaded TP AndroidTargetPlatform
[2019.01.18-16.07.18:640][  0]LogTemp: Display: Loaded TP AndroidTargetPlatform
[2019.01.18-16.07.18:640][  0]LogTemp: Display: Loaded TP AndroidTargetPlatform
[2019.01.18-16.07.18:640][  0]LogTemp: Display: Loaded TP AndroidTargetPlatform
[2019.01.18-16.07.18:640][  0]LogTemp: Display: Loaded TP AndroidTargetPlatform
[2019.01.18-16.07.18:640][  0]LogTemp: Display: Loaded TP AndroidTargetPlatform
[2019.01.18-16.07.18:640][  0]LogTemp: Display: Loaded TP AndroidTargetPlatform
[2019.01.18-16.07.18:640][  0]LogTemp: Display: Loaded TP AndroidTargetPlatform
[2019.01.18-16.07.18:640][  0]LogTemp: Display: Loaded TP AndroidTargetPlatform
[2019.01.18-16.07.18:640][  0]LogTemp: Display: Loaded TP AndroidTargetPlatform
[2019.01.18-16.07.18:640][  0]LogTemp: Display: Loaded TP AndroidTargetPlatform
[2019.01.18-16.07.18:640][  0]LogTemp: Display: Loaded TP AndroidTargetPlatform
[2019.01.18-16.07.18:640][  0]LogTemp: Display: Loaded TP AndroidTargetPlatform
[2019.01.18-16.07.18:640][  0]LogTemp: Display: Loaded TP AndroidTargetPlatform
[2019.01.18-16.07.18:640][  0]LogTemp: Display: Loaded TP AndroidTargetPlatform
[2019.01.18-16.07.18:640][  0]LogTemp: Display: Loaded TP AndroidTargetPlatform
[2019.01.18-16.07.18:641][  0]LogTemp: Display: Loaded TP HTML5TargetPlatform
[2019.01.18-16.07.18:702][  0]LogTemp: Display: Loaded TP IOSTargetPlatform
[2019.01.18-16.07.18:702][  0]LogTemp: Display: Loaded TP IOSTargetPlatform
[2019.01.18-16.07.18:725][  0]LogTemp: Display: Loaded TP TVOSTargetPlatform
[2019.01.18-16.07.18:725][  0]LogTemp: Display: Loaded TP TVOSTargetPlatform
[2019.01.18-16.07.18:739][  0]LogTemp: Display: Loaded TP LinuxClientTargetPlatform
[2019.01.18-16.07.18:752][  0]LogTemp: Display: Loaded TP LinuxNoEditorTargetPlatform
[2019.01.18-16.07.18:765][  0]LogTemp: Display: Loaded TP LinuxServerTargetPlatform
[2019.01.18-16.07.18:778][  0]LogTemp: Display: Loaded TP LinuxTargetPlatform
[2019.01.18-16.07.18:788][  0]LogTemp: Display: Loaded TP LuminTargetPlatform
[2019.01.18-16.07.18:788][  0]LogTargetPlatformManager: Display: Building Assets For Windows
[2019.01.18-16.07.18:838][  0]LogXGEController: Cleaning working directory: C:/Users/simig/AppData/Local/Temp/UnrealXGEWorkingDir/
[2019.01.18-16.07.18:838][  0]LogXGEController: Cannot use XGE Controller as Incredibuild is not installed on this machine.
[2019.01.18-16.07.18:838][  0]LogShaderCompilers: Cannot use XGE Shader Compiler as Incredibuild is not installed on this machine.
[2019.01.18-16.07.18:838][  0]LogShaderCompilers: Display: Using Local Shader Compiler.
[2019.01.18-16.07.19:588][  0]LogDerivedDataCache: Display: Max Cache Size: 512 MB
[2019.01.18-16.07.19:655][  0]LogDerivedDataCache: Loaded boot cache 0.07s 86MB C:/Users/simig/AppData/Local/UnrealEngine/4.20/DerivedDataCache/Boot.ddc.
[2019.01.18-16.07.19:655][  0]LogDerivedDataCache: Display: Loaded Boot cache: C:/Users/simig/AppData/Local/UnrealEngine/4.20/DerivedDataCache/Boot.ddc
[2019.01.18-16.07.19:655][  0]LogDerivedDataCache: FDerivedDataBackendGraph:  Pak pak cache file ../../../../../../Unreal Projects/Drugmatic_WC/DerivedDataCache/DDC.ddp not found, will not use a pak cache.
[2019.01.18-16.07.19:655][  0]LogDerivedDataCache: Unable to find inner node Pak for hierarchical cache Hierarchy.
[2019.01.18-16.07.19:655][  0]LogDerivedDataCache: FDerivedDataBackendGraph:  CompressedPak pak cache file ../../../../../../Unreal Projects/Drugmatic_WC/DerivedDataCache/Compressed.ddp not found, will not use a pak cache.
[2019.01.18-16.07.19:655][  0]LogDerivedDataCache: Unable to find inner node CompressedPak for hierarchical cache Hierarchy.
[2019.01.18-16.07.19:668][  0]LogDerivedDataCache: Display: Pak cache opened for reading ../../../Engine/DerivedDataCache/Compressed.ddp.
[2019.01.18-16.07.19:682][  0]LogDerivedDataCache: Using Local data cache path C:/Users/simig/AppData/Local/UnrealEngine/Common/DerivedDataCache: Writable
[2019.01.18-16.07.19:682][  0]LogDerivedDataCache: Shared data cache path not found in *engine.ini, will not use an Shared cache.
[2019.01.18-16.07.19:682][  0]LogDerivedDataCache: Unable to find inner node Shared for hierarchical cache Hierarchy.
[2019.01.18-16.07.19:703][  0]LogMaterial: Verifying Global Shaders for PCD3D_SM5
[2019.01.18-16.07.19:705][  0]LogSlate: Using FreeType 2.6.0
[2019.01.18-16.07.19:705][  0]LogSlate: SlateFontServices - WITH_FREETYPE: 1, WITH_HARFBUZZ: 1
[2019.01.18-16.07.19:782][  0]LogAssetRegistry: FAssetRegistry took 0.0259 seconds to start up
[2019.01.18-16.07.20:108][  0]LogInit: Selected Device Profile: [Windows]
[2019.01.18-16.07.20:161][  0]LogSimplygon: Simplygon DLL not present - disabling.
[2019.01.18-16.07.20:164][  0]LogMeshReduction: Using SimplygonSwarm for distributed automatic mesh merging
[2019.01.18-16.07.20:164][  0]LogMeshReduction: Using ProxyLODMeshReduction for automatic mesh merging
[2019.01.18-16.07.20:164][  0]LogMeshReduction: Using QuadricMeshReduction for automatic static mesh reduction
[2019.01.18-16.07.20:164][  0]LogMeshReduction: No automatic skeletal mesh reduction module available
[2019.01.18-16.07.20:263][  0]LogNetVersion: Drugmatic_WC 1.0.0, NetCL: 4212847, EngineNetVer: 5, GameNetVer: 0 (Checksum: 2688278964)
[2019.01.18-16.07.20:815][  0]LogPackageLocalizationCache: Processed 12 localized package path(s) for 2 prioritized culture(s) in 0.116016 seconds
[2019.01.18-16.07.20:823][  0]LogUObjectArray: 38426 objects as part of root set at end of initial load.
[2019.01.18-16.07.20:823][  0]LogUObjectAllocator: 6691096 out of 0 bytes used by permanent object pool.
[2019.01.18-16.07.20:823][  0]LogUObjectArray: CloseDisregardForGC: 0/0 objects in disregard for GC pool
[2019.01.18-16.07.21:694][  0]LogTcpMessaging: Initializing TcpMessaging bridge
[2019.01.18-16.07.21:707][  0]LogUdpMessaging: Initializing bridge on interface 0.0.0.0:0 to multicast group 230.0.0.1:6666.
[2019.01.18-16.07.21:861][  0]SourceControl: Source control is disabled
[2019.01.18-16.07.21:861][  0]SourceControl: Source control is disabled
[2019.01.18-16.07.21:863][  0]SourceControl: Source control is disabled
[2019.01.18-16.07.21:864][  0]SourceControl: Source control is disabled
[2019.01.18-16.07.22:281][  0]LogAndroidPermission: UAndroidPermissionCallbackProxy::GetInstance
[2019.01.18-16.07.22:497][  0]LogWindows: Failed to load '../../../Engine/Binaries/ThirdParty/LeapMotion/Win64/LeapC.dll' (GetLastError=126)
[2019.01.18-16.07.22:497][  0]LogWindows: File '../../../Engine/Binaries/ThirdParty/LeapMotion/Win64/LeapC.dll' does not exist
[2019.01.18-16.07.22:497][  0]LeapMotionLog: Leap Plugin started v3.0.1
[2019.01.18-16.07.22:500][  0]LogOcInput: OculusInput pre-init called
[2019.01.18-16.07.22:558][  0]LogEngine: Initializing Engine...
[2019.01.18-16.07.22:597][  0]LogHMD: Failed to initialize OpenVR with code 126
[2019.01.18-16.07.22:599][  0]LogStats: UGameplayTagsManager::ConstructGameplayTagTree: ImportINI prefixes -  0.000 s
[2019.01.18-16.07.22:599][  0]LogStats: UGameplayTagsManager::ConstructGameplayTagTree: Construct from data asset -  0.000 s
[2019.01.18-16.07.22:599][  0]LogStats: UGameplayTagsManager::ConstructGameplayTagTree: ImportINI -  0.000 s
[2019.01.18-16.07.22:599][  0]LogStats: UGameplayTagsManager::ConstructGameplayTagTree: GameplayTagTreeChangedEvent.Broadcast -  0.000 s
[2019.01.18-16.07.22:852][  0]LogInit: Initializing FReadOnlyCVARCache
[2019.01.18-16.07.22:863][  0]LogAIModule: Creating AISystem for world Untitled
[2019.01.18-16.07.22:913][  0]LogInit: XAudio2 using 'Speakers (Realtek High Definition Audio)' : 6 channels at 48 kHz using 32 bits per sample (channel mask 0x3f)
[2019.01.18-16.07.23:137][  0]LogInit: FAudioDevice initialized.
[2019.01.18-16.07.23:137][  0]LogNetVersion: Set ProjectVersion to 1.0.0.0. Version Checksum will be recalculated on next use.
[2019.01.18-16.07.23:251][  0]LogDerivedDataCache: Saved boot cache 0.11s 86MB C:/Users/simig/AppData/Local/UnrealEngine/4.20/DerivedDataCache/Boot.ddc.
[2019.01.18-16.07.23:265][  0]LogInit: Texture streaming: Enabled
[2019.01.18-16.07.23:279][  0]LogEngineSessionManager: EngineSessionManager initialized
[2019.01.18-16.07.23:291][  0]LogInit: Transaction tracking system initialized
[2019.01.18-16.07.23:313][  0]BlueprintLog: New page: Editor Load
[2019.01.18-16.07.23:375][  0]LocalizationService: Localization service is disabled
[2019.01.18-16.07.23:675][  0]LogCook: Display: Max memory allowance for cook 16384mb min free memory 0mb
[2019.01.18-16.07.23:675][  0]LogCook: Display: Mobile HDR setting 1
[2019.01.18-16.07.23:675][  0]LogGameplayTags: Display: UGameplayTagsManager::DoneAddingNativeTags. DelegateIsBound: 0
[2019.01.18-16.07.23:675][  0]LogStats: UGameplayTagsManager::ConstructGameplayTagTree: ImportINI prefixes -  0.000 s
[2019.01.18-16.07.23:675][  0]LogStats: UGameplayTagsManager::ConstructGameplayTagTree: Construct from data asset -  0.000 s
[2019.01.18-16.07.23:675][  0]LogStats: UGameplayTagsManager::ConstructGameplayTagTree: ImportINI -  0.000 s
[2019.01.18-16.07.23:675][  0]LogStats: UGameplayTagsManager::ConstructGameplayTagTree: GameplayTagTreeChangedEvent.Broadcast -  0.000 s
[2019.01.18-16.07.23:784][  0]LogFileCache: Scanning file cache for directory 'D:/Unreal Projects/Drugmatic_WC/Content/' took 0.01s
[2019.01.18-16.07.23:785][  0]SourceControl: Source control is disabled
[2019.01.18-16.07.23:785][  0]Cmd: MAP LOAD FILE="../../../../../../Unreal Projects/Drugmatic_WC/Content/VirtualRealityBP/Maps/StartupMap.umap" TEMPLATE=0 SHOWPROGRESS=1 FEATURELEVEL=3
[2019.01.18-16.07.23:785][  0]LightingResults: New page: Lighting Build
[2019.01.18-16.07.23:787][  0]MapCheck: New page: Map Check
[2019.01.18-16.07.23:787][  0]LightingResults: New page: Lighting Build
[2019.01.18-16.07.23:916][  0]LogAIModule: Creating AISystem for world StartupMap
[2019.01.18-16.07.23:925][  0]LogEditorServer: Finished looking for orphan Actors (0.000 secs)
[2019.01.18-16.07.23:949][  0]Cmd: MAP CHECKDEP NOCLEARLOG
[2019.01.18-16.07.24:007][  0]MapCheck: Map check complete: 0 Error(s), 0 Warning(s), took 57.177ms to complete.
[2019.01.18-16.07.24:007][  0]LogFileHelpers: Loading map 'StartupMap' took 0.221
[2019.01.18-16.07.24:131][  0]LogSlate: Updating window title bar state: overlay mode, drag disabled, window buttons hidden, title bar hidden
[2019.01.18-16.07.24:141][  0]LogSlate: Updating window title bar state: overlay mode, drag disabled, window buttons hidden, title bar hidden
[2019.01.18-16.07.24:149][  0]LogSlate: Updating window title bar state: overlay mode, drag disabled, window buttons hidden, title bar hidden
[2019.01.18-16.07.24:158][  0]LogSlate: Updating window title bar state: overlay mode, drag disabled, window buttons hidden, title bar hidden
[2019.01.18-16.07.24:163][  0]LogCollectionManager: Loaded 0 collections in 0.000898 seconds
[2019.01.18-16.07.24:206][  0]LogFileCache: Scanning file cache for directory 'D:/Unreal Projects/Drugmatic_WC/Saved/Collections/' took 0.01s
[2019.01.18-16.07.24:206][  0]LogFileCache: Scanning file cache for directory 'D:/Unreal Projects/Drugmatic_WC/Content/Developers/simig/Collections/' took 0.01s
[2019.01.18-16.07.24:206][  0]LogFileCache: Scanning file cache for directory 'D:/Unreal Projects/Drugmatic_WC/Content/Collections/' took 0.01s
[2019.01.18-16.07.24:206][  0]LogCollectionManager: Rebuilt the GUID cache for 0 collections in 0.000000 seconds
[2019.01.18-16.07.24:215][  0]LogContentBrowser: Native class hierarchy populated in 0.0089 seconds. Added 2588 classes and 613 folders.
[2019.01.18-16.07.24:222][  0]LogContentBrowser: Native class hierarchy updated for 'WidgetCarousel' in 0.0004 seconds. Added 0 classes and 0 folders.
[2019.01.18-16.07.24:269][  0]LogContentBrowser: Native class hierarchy updated for 'AddContentDialog' in 0.0003 seconds. Added 0 classes and 0 folders.
[2019.01.18-16.07.24:278][  0]LogContentBrowser: Native class hierarchy updated for 'SceneOutliner' in 0.0002 seconds. Added 1 classes and 2 folders.
[2019.01.18-16.07.25:281][  0]LogSlate: Only BGRA pngs, bmps or icos are supported in by External Image Picker
[2019.01.18-16.07.25:346][  0]LogSlate: Took 0.000288 seconds to synchronously load lazily loaded font '../../../Engine/Content/Slate/Fonts/Roboto-Regular.ttf' (155K)
[2019.01.18-16.07.25:349][  0]LogSlate: Took 0.000210 seconds to synchronously load lazily loaded font '../../../Engine/Content/Slate/Fonts/Roboto-Bold.ttf' (160K)
[2019.01.18-16.07.25:358][  0]LogSlate: Took 0.000227 seconds to synchronously load lazily loaded font '../../../Engine/Content/Editor/Slate/Fonts/FontAwesome.ttf' (139K)
[2019.01.18-16.07.25:482][  0]LogTemp: Executing iPhonePackager certificates Engine -bundlename com.YourCompany.DrugmaticWC
[2019.01.18-16.07.25:482][  0]LogTemp: CWD: D:\Program Files\Epic Games\UE_4.20\Engine\Binaries\DotNET\IOS
[2019.01.18-16.07.25:482][  0]LogTemp: Initial Dir: D:\Program Files\Epic Games\UE_4.20
[2019.01.18-16.07.25:482][  0]LogTemp: Env CWD: D:\Program Files\Epic Games\UE_4.20\Engine\Binaries\DotNET\IOS
[2019.01.18-16.07.25:482][  0]LogTemp: BranchPath = MSI/D/Program Files/Epic Games/UE_4.20/Engine/Binaries --- GameBranchPath = MSI/D/Program Files/Epic Games/UE_4.20/Engine/Binaries
[2019.01.18-16.07.25:482][  0]LogTemp: MATCHED-Provision:,File:,Cert:
[2019.01.18-16.07.25:482][  0]LogRenderer: Reallocating scene render targets to support 1200x592 Format 26 NumSamples 1 (Frame:1).
[2019.01.18-16.07.25:680][  0]LogContentBrowser: Native class hierarchy updated for 'HierarchicalLODOutliner' in 0.0002 seconds. Added 0 classes and 0 folders.
[2019.01.18-16.07.25:680][  0]LogLoad: (Engine Initialization) Total time: 12.07 seconds
[2019.01.18-16.07.25:680][  0]LogLoad: (Engine Initialization) Total Blueprint compile time: 0.00 seconds
[2019.01.18-16.07.25:691][  0]LogWindowsTextInputMethodSystem: Display: IME system now deactivated.
[2019.01.18-16.07.25:703][  0]LeapMotionLog: ServiceMessageLoop started.
[2019.01.18-16.07.25:703][  0]BodyStateLog: BodyState::DeviceAttached: Leap Motion (1)
[2019.01.18-16.07.25:704][  0]BodyStateLog: BodyState::DeviceAttached: HMD (2)
[2019.01.18-16.07.25:709][  0]LeapMotionLog: LeapService: OnConnect.
[2019.01.18-16.07.25:731][  0]LeapMotionLog: OnDeviceFound Peripheral S326A002090.
[2019.01.18-16.07.25:731][  0]LogContentStreaming: Texture pool size now 1000 MB
[2019.01.18-16.07.25:744][  0]LogSlate: Took 0.000193 seconds to synchronously load lazily loaded font '../../../Engine/Content/Slate/Fonts/Roboto-Light.ttf' (167K)
[2019.01.18-16.07.25:769][  1]LogAssetRegistry: Asset discovery search completed in 6.0089 seconds
[2019.01.18-16.07.25:771][  1]LogCollectionManager: Rebuilt the object cache for 0 collections in 0.000000 seconds (found 0 objects)
[2019.01.18-16.07.25:771][  1]LogCollectionManager: Fixed up redirectors for 0 collections in 0.000063 seconds (updated 0 objects)
[2019.01.18-16.08.26:141][203]LogSlate: FSceneViewport::OnFocusLost() reason 2
[2019.01.18-16.08.27:010][301]LogSlate: FSceneViewport::OnFocusLost() reason 2
[2019.01.18-16.08.43:653][183]LogSlate: Window 'Plugins' being destroyed
[2019.01.18-16.08.43:657][183]LogSlate: Window 'Plugins' being destroyed
[2019.01.18-16.08.43:657][183]LogDirectoryWatcher: A directory notification for '../../../Engine/Plugins/' was aborted.
[2019.01.18-16.08.43:657][183]LogDirectoryWatcher: A directory notification for '../../../../../../Unreal Projects/Drugmatic_WC/Plugins/' was aborted.
[2019.01.18-16.13.23:867][846]LogSlate: FSceneViewport::OnFocusLost() reason 0
[2019.01.18-16.26.35:172][521]LogSlate: Window 'Drugmatic_WC - Unreal Editor' being destroyed
[2019.01.18-16.26.35:173][521]LogWindowsTextInputMethodSystem: Display: IME system now deactivated.
[2019.01.18-16.26.35:420][522]Cmd: QUIT_EDITOR
[2019.01.18-16.26.35:459][522]LogExit: Preparing to exit.
[2019.01.18-16.26.36:312][522]LogExit: Editor shut down
[2019.01.18-16.26.36:312][522]LogExit: Transaction tracking system shut down
[2019.01.18-16.26.37:081][522]LogExit: Object subsystem successfully closed.
[2019.01.18-16.26.37:096][522]LogShaderCompilers: Display: Shaders left to compile 0
[2019.01.18-16.26.37:099][522]LogD3D11RHI: Shutdown
[2019.01.18-16.26.37:099][522]LogD3D11RHI: CleanupD3DDevice
[2019.01.18-16.26.37:101][522]LogD3D11RHI: ~FD3D11DynamicRHI
[2019.01.18-16.26.37:114][522]LogModuleManager: Shutting down and abandoning module HierarchicalLODOutliner (618)
[2019.01.18-16.26.37:114][522]LogModuleManager: Shutting down and abandoning module ExternalImagePicker (616)
[2019.01.18-16.26.37:115][522]LogModuleManager: Shutting down and abandoning module SceneOutliner (614)
[2019.01.18-16.26.37:115][522]LogModuleManager: Shutting down and abandoning module AddContentDialog (612)
[2019.01.18-16.26.37:115][522]LogModuleManager: Shutting down and abandoning module WidgetCarousel (611)
[2019.01.18-16.26.37:115][522]LogModuleManager: Shutting down and abandoning module EditorWidgets (608)
[2019.01.18-16.26.37:115][522]LogModuleManager: Shutting down and abandoning module CollectionManager (606)
[2019.01.18-16.26.37:115][522]LogModuleManager: Shutting down and abandoning module StatsViewer (604)
[2019.01.18-16.26.37:115][522]LogModuleManager: Shutting down and abandoning module FoliageEdit (602)
[2019.01.18-16.26.37:115][522]LogModuleManager: Shutting down and abandoning module LandscapeEditor (600)
[2019.01.18-16.26.37:115][522]LogModuleManager: Shutting down and abandoning module MeshPaintMode (598)
[2019.01.18-16.26.37:115][522]LogModuleManager: Shutting down and abandoning module SceneDepthPickerMode (596)
[2019.01.18-16.26.37:115][522]LogModuleManager: Shutting down and abandoning module ActorPickerMode (594)
[2019.01.18-16.26.37:115][522]LogModuleManager: Shutting down and abandoning module GeometryMode (592)
[2019.01.18-16.26.37:115][522]LogModuleManager: Shutting down and abandoning module TextureAlignMode (590)
[2019.01.18-16.26.37:115][522]LogModuleManager: Shutting down and abandoning module BspMode (588)
[2019.01.18-16.26.37:115][522]LogModuleManager: Shutting down and abandoning module PIEPreviewDeviceProfileSelector (586)
[2019.01.18-16.26.37:115][522]LogModuleManager: Shutting down and abandoning module SequenceRecorderSections (584)
[2019.01.18-16.26.37:115][522]LogModuleManager: Shutting down and abandoning module AutomationWorker (582)
[2019.01.18-16.26.37:115][522]LogModuleManager: Shutting down and abandoning module AudioCaptureEditor (580)
[2019.01.18-16.26.37:115][522]LogModuleManager: Shutting down and abandoning module SequenceRecorder (579)
[2019.01.18-16.26.37:116][522]LogModuleManager: Shutting down and abandoning module MatineeToLevelSequence (576)
[2019.01.18-16.26.37:116][522]LogModuleManager: Shutting down and abandoning module LevelSequenceEditor (574)
[2019.01.18-16.26.37:116][522]LogModuleManager: Shutting down and abandoning module PlacementMode (573)
[2019.01.18-16.26.37:116][522]LogModuleManager: Shutting down and abandoning module MaterialEditor (572)
[2019.01.18-16.26.37:116][522]LogModuleManager: Shutting down and abandoning module WmfMediaFactory (568)
[2019.01.18-16.26.37:116][522]LogModuleManager: Shutting down and abandoning module WmfMediaEditor (566)
[2019.01.18-16.26.37:116][522]LogModuleManager: Shutting down and abandoning module MediaPlayerEditor (564)
[2019.01.18-16.26.37:116][522]LogModuleManager: Shutting down and abandoning module OpenExrWrapper (562)
[2019.01.18-16.26.37:116][522]LogModuleManager: Shutting down and abandoning module ImgMediaFactory (560)
[2019.01.18-16.26.37:116][522]LogModuleManager: Shutting down and abandoning module ImgMediaEditor (558)
[2019.01.18-16.26.37:116][522]LogModuleManager: Shutting down and abandoning module AvfMediaFactory (556)
[2019.01.18-16.26.37:116][522]LogModuleManager: Shutting down and abandoning module AvfMediaEditor (554)
[2019.01.18-16.26.37:116][522]LogModuleManager: Shutting down and abandoning module AndroidMediaFactory (552)
[2019.01.18-16.26.37:116][522]LogModuleManager: Shutting down and abandoning module AndroidMediaEditor (550)
[2019.01.18-16.26.37:116][522]LogModuleManager: Shutting down and abandoning module MagicLeapCameraPreviewFactory (548)
[2019.01.18-16.26.37:116][522]LogModuleManager: Shutting down and abandoning module MagicLeapMediaFactory (546)
[2019.01.18-16.26.37:116][522]LogModuleManager: Shutting down and abandoning module MagicLeapMediaEditor (544)
[2019.01.18-16.26.37:116][522]LogModuleManager: Shutting down and abandoning module CharacterAI (542)
[2019.01.18-16.26.37:117][522]LogModuleManager: Shutting down and abandoning module SmartSnapping (540)
[2019.01.18-16.26.37:117][522]LogModuleManager: Shutting down and abandoning module SessionServices (538)
[2019.01.18-16.26.37:117][522]LogModuleManager: Shutting down and abandoning module ViewportSnapping (536)
[2019.01.18-16.26.37:117][522]LogModuleManager: Shutting down and abandoning module ViewportInteraction (534)
[2019.01.18-16.26.37:117][522]LogModuleManager: Shutting down and abandoning module ClothPainter (532)
[2019.01.18-16.26.37:117][522]LogModuleManager: Shutting down and abandoning module SkeletalMeshEditor (531)
[2019.01.18-16.26.37:117][522]LogModuleManager: Shutting down and abandoning module LogVisualizer (528)
[2019.01.18-16.26.37:117][522]LogModuleManager: Shutting down and abandoning module IntroTutorials (526)
[2019.01.18-16.26.37:117][522]LogModuleManager: Shutting down and abandoning module GameProjectGeneration (525)
[2019.01.18-16.26.37:117][522]LogModuleManager: Shutting down and abandoning module LuminPlatformEditor (522)
[2019.01.18-16.26.37:117][522]LogModuleManager: Shutting down and abandoning module IOSPlatformEditor (520)
[2019.01.18-16.26.37:117][522]LogModuleManager: Shutting down and abandoning module HTML5PlatformEditor (518)
[2019.01.18-16.26.37:117][522]LogModuleManager: Shutting down and abandoning module AndroidPlatformEditor (516)
[2019.01.18-16.26.37:117][522]LogModuleManager: Shutting down and abandoning module AndroidDeviceDetection (515)
[2019.01.18-16.26.38:059][522]LogModuleManager: Shutting down and abandoning module WindowsPlatformEditor (512)
[2019.01.18-16.26.38:059][522]LogModuleManager: Shutting down and abandoning module LuminRuntimeSettings (510)
[2019.01.18-16.26.38:059][522]LogModuleManager: Shutting down and abandoning module IOSRuntimeSettings (508)
[2019.01.18-16.26.38:059][522]LogModuleManager: Shutting down and abandoning module AndroidRuntimeSettings (506)
[2019.01.18-16.26.38:059][522]LogModuleManager: Shutting down and abandoning module InputBindingEditor (504)
[2019.01.18-16.26.38:059][522]LogModuleManager: Shutting down and abandoning module MergeActors (502)
[2019.01.18-16.26.38:059][522]LogModuleManager: Shutting down and abandoning module LocalizationDashboard (500)
[2019.01.18-16.26.38:059][522]LogModuleManager: Shutting down and abandoning module LocalizationService (499)
[2019.01.18-16.26.38:059][522]LogModuleManager: Shutting down and abandoning module HardwareTargeting (496)
[2019.01.18-16.26.38:059][522]LogModuleManager: Shutting down and abandoning module DeviceProfileEditor (494)
[2019.01.18-16.26.38:059][522]LogModuleManager: Shutting down and abandoning module UndoHistory (492)
[2019.01.18-16.26.38:059][522]LogModuleManager: Shutting down and abandoning module XmlParser (490)
[2019.01.18-16.26.38:059][522]LogModuleManager: Shutting down and abandoning module Blutility (488)
[2019.01.18-16.26.38:059][522]LogModuleManager: Shutting down and abandoning module ProjectSettingsViewer (486)
[2019.01.18-16.26.38:060][522]LogModuleManager: Shutting down and abandoning module ProjectTargetPlatformEditor (485)
[2019.01.18-16.26.38:060][522]LogModuleManager: Shutting down and abandoning module EditorSettingsViewer (482)
[2019.01.18-16.26.38:060][522]LogModuleManager: Shutting down and abandoning module SettingsEditor (480)
[2019.01.18-16.26.38:060][522]LogModuleManager: Shutting down and abandoning module ProjectLauncher (478)
[2019.01.18-16.26.38:060][522]LogModuleManager: Shutting down and abandoning module SessionFrontend (476)
[2019.01.18-16.26.38:060][522]LogModuleManager: Shutting down and abandoning module ProfilerClient (474)
[2019.01.18-16.26.38:060][522]LogModuleManager: Shutting down and abandoning module DeviceManager (472)
[2019.01.18-16.26.38:060][522]LogModuleManager: Shutting down and abandoning module TargetDeviceServices (471)
[2019.01.18-16.26.38:125][522]LogModuleManager: Shutting down and abandoning module AutomationController (468)
[2019.01.18-16.26.38:125][522]LogModuleManager: Shutting down and abandoning module AutomationWindow (466)
[2019.01.18-16.26.38:125][522]LogModuleManager: Shutting down and abandoning module Layers (464)
[2019.01.18-16.26.38:125][522]LogModuleManager: Shutting down and abandoning module ComponentVisualizers (462)
[2019.01.18-16.26.38:125][522]LogModuleManager: Shutting down and abandoning module DetailCustomizations (460)
[2019.01.18-16.26.38:125][522]LogModuleManager: Shutting down and abandoning module PackagesDialog (458)
[2019.01.18-16.26.38:125][522]LogModuleManager: Shutting down and abandoning module Persona (456)
[2019.01.18-16.26.38:125][522]LogModuleManager: Shutting down and abandoning module AdvancedPreviewScene (455)
[2019.01.18-16.26.38:125][522]LogModuleManager: Shutting down and abandoning module AnimGraph (453)
[2019.01.18-16.26.38:125][522]LogModuleManager: Shutting down and abandoning module Kismet (450)
[2019.01.18-16.26.38:125][522]LogModuleManager: Shutting down and abandoning module GraphEditor (448)
[2019.01.18-16.26.38:125][522]LogModuleManager: Shutting down and abandoning module ClassViewer (446)
[2019.01.18-16.26.38:125][522]LogModuleManager: Shutting down and abandoning module Toolbox (444)
[2019.01.18-16.26.38:125][522]LogModuleManager: Shutting down and abandoning module ModuleUI (442)
[2019.01.18-16.26.38:125][522]LogModuleManager: Shutting down and abandoning module MovieSceneTools (440)
[2019.01.18-16.26.38:125][522]LogModuleManager: Shutting down and abandoning module OutputLog (438)
[2019.01.18-16.26.38:125][522]LogModuleManager: Shutting down and abandoning module GammaUI (436)
[2019.01.18-16.26.38:125][522]LogModuleManager: Shutting down and abandoning module Documentation (434)
[2019.01.18-16.26.38:125][522]LogModuleManager: Shutting down and abandoning module MovieSceneTracks (432)
[2019.01.18-16.26.38:125][522]LogModuleManager: Shutting down and abandoning module MovieScene (430)
[2019.01.18-16.26.38:125][522]LogModuleManager: Shutting down and abandoning module StreamingPauseRendering (428)
[2019.01.18-16.26.38:125][522]LogModuleManager: Shutting down and abandoning module LauncherPlatform (426)
[2019.01.18-16.26.38:125][522]LogModuleManager: Shutting down and abandoning module AnalyticsET (424)
[2019.01.18-16.26.38:125][522]LogModuleManager: Shutting down and abandoning module PortalServices (422)
[2019.01.18-16.26.38:125][522]LogModuleManager: Shutting down and abandoning module PortalRpc (420)
[2019.01.18-16.26.38:125][522]LogModuleManager: Shutting down and abandoning module MessagingRpc (418)
[2019.01.18-16.26.38:125][522]LogModuleManager: Shutting down and abandoning module AIModule (416)
[2019.01.18-16.26.38:125][522]LogModuleManager: Shutting down and abandoning module GameplayDebugger (415)
[2019.01.18-16.26.38:125][522]LogModuleManager: Shutting down and abandoning module AITestSuite (413)
[2019.01.18-16.26.38:125][522]LogModuleManager: Shutting down and abandoning module NavigationSystem (411)
[2019.01.18-16.26.38:125][522]LogModuleManager: Shutting down and abandoning module DesktopPlatform (408)
[2019.01.18-16.26.38:126][522]LogModuleManager: Shutting down and abandoning module ProfilerService (406)
[2019.01.18-16.26.38:341][522]LogModuleManager: Shutting down and abandoning module TaskGraph (404)
[2019.01.18-16.26.38:341][522]LogModuleManager: Shutting down and abandoning module SteamVRController (402)
[2019.01.18-16.26.38:341][522]LogModuleManager: Shutting down and abandoning module ProceduralMeshComponentEditor (400)
[2019.01.18-16.26.38:341][522]LogModuleManager: Shutting down and abandoning module ProceduralMeshComponent (398)
[2019.01.18-16.26.38:341][522]LogModuleManager: Shutting down and abandoning module OculusInput (396)
[2019.01.18-16.26.38:341][522]LogModuleManager: Shutting down and abandoning module MobilePatchingUtils (394)
[2019.01.18-16.26.38:341][522]LogModuleManager: Shutting down and abandoning module LeapMotion (392)
[2019.01.18-16.26.38:341][522]LeapMotionLog: Leap Plugin shutdown.
[2019.01.18-16.26.38:341][522]BodyStateLog: Id: 1
[2019.01.18-16.26.38:341][522]LogUObjectArray: Warning: Empty slot
[2019.01.18-16.26.38:342][522]BodyStateLog: BodyState::Device Detached: Leap Motion (1)
[2019.01.18-16.26.38:346][522]LeapMotionLog: ServiceMessageLoop stopped.
[2019.01.18-16.26.38:346][522]LeapMotionLog: Connection successfully closed.
[2019.01.18-16.26.38:346][522]LogModuleManager: Shutting down and abandoning module EditableMesh (390)
[2019.01.18-16.26.38:346][522]LogModuleManager: Shutting down and abandoning module CustomMeshComponent (388)
[2019.01.18-16.26.38:346][522]LogModuleManager: Shutting down and abandoning module CableComponent (386)
[2019.01.18-16.26.38:346][522]LogModuleManager: Shutting down and abandoning module AudioCapture (384)
[2019.01.18-16.26.38:346][522]LogModuleManager: Shutting down and abandoning module ArchVisCharacter (382)
[2019.01.18-16.26.38:346][522]LogModuleManager: Shutting down and abandoning module AndroidPermission (380)
[2019.01.18-16.26.38:346][522]LogModuleManager: Shutting down and abandoning module NUTUnrealEngine4 (378)
[2019.01.18-16.26.38:346][522]LogModuleManager: Shutting down and abandoning module NetcodeUnitTest (376)
[2019.01.18-16.26.38:346][522]LogModuleManager: Shutting down and abandoning module MediaCompositingEditor (374)
[2019.01.18-16.26.38:346][522]LogModuleManager: Shutting down and abandoning module MediaCompositing (372)
[2019.01.18-16.26.38:346][522]LogModuleManager: Shutting down and abandoning module LinearTimecode (370)
[2019.01.18-16.26.38:346][522]LogModuleManager: Shutting down and abandoning module ImgMedia (368)
[2019.01.18-16.26.38:350][522]LogModuleManager: Shutting down and abandoning module HTML5Networking (366)
[2019.01.18-16.26.38:350][522]LogModuleManager: Shutting down and abandoning module GeometryCacheTracks (364)
[2019.01.18-16.26.38:350][522]LogModuleManager: Shutting down and abandoning module GeometryCacheSequencer (362)
[2019.01.18-16.26.38:350][522]LogModuleManager: Shutting down and abandoning module BackChannel (360)
[2019.01.18-16.26.38:350][522]LogModuleManager: Shutting down and abandoning module AppleVision (358)
[2019.01.18-16.26.38:350][522]LogModuleManager: Shutting down and abandoning module AppleImageUtils (356)
[2019.01.18-16.26.38:350][522]LogModuleManager: Shutting down and abandoning module AlembicImporter (354)
[2019.01.18-16.26.38:350][522]LogModuleManager: Shutting down and abandoning module AlembicLibrary (353)
[2019.01.18-16.26.38:350][522]LogModuleManager: Shutting down and abandoning module GeometryCache (352)
[2019.01.18-16.26.38:350][522]LogModuleManager: Shutting down and abandoning module GeometryCacheEd (351)
[2019.01.18-16.26.38:350][522]LogModuleManager: Shutting down and abandoning module DatasmithContentEditor (346)
[2019.01.18-16.26.38:350][522]LogModuleManager: Shutting down and abandoning module DatasmithContent (344)
[2019.01.18-16.26.38:351][522]LogModuleManager: Shutting down and abandoning module SpeedTreeImporter (342)
[2019.01.18-16.26.38:351][522]LogModuleManager: Shutting down and abandoning module PluginBrowser (340)
[2019.01.18-16.26.38:352][522]LogModuleManager: Shutting down and abandoning module MobileLauncherProfileWizard (338)
[2019.01.18-16.26.38:352][522]LogModuleManager: Shutting down and abandoning module PolygonModeling (336)
[2019.01.18-16.26.38:352][522]LogModuleManager: Shutting down and abandoning module MeshEditor (334)
[2019.01.18-16.26.38:352][522]LogModuleManager: Shutting down and abandoning module CryptoKeysOpenSSL (332)
[2019.01.18-16.26.38:352][522]LogModuleManager: Shutting down and abandoning module CryptoKeys (330)
[2019.01.18-16.26.38:352][522]LogModuleManager: Shutting down and abandoning module VisualStudioSourceCodeAccess (328)
[2019.01.18-16.26.38:352][522]LogModuleManager: Shutting down and abandoning module VisualStudioCodeSourceCodeAccess (326)
[2019.01.18-16.26.38:352][522]LogModuleManager: Shutting down and abandoning module UObjectPlugin (324)
[2019.01.18-16.26.38:352][522]LogModuleManager: Shutting down and abandoning module SubversionSourceControl (322)
[2019.01.18-16.26.38:352][522]LogModuleManager: Shutting down and abandoning module PerforceSourceControl (320)
[2019.01.18-16.26.38:352][522]LogModuleManager: Shutting down and abandoning module GitSourceControl (318)
[2019.01.18-16.26.38:352][522]LogModuleManager: Shutting down and abandoning module SourceControl (317)
[2019.01.18-16.26.38:352][522]LogModuleManager: Shutting down and abandoning module CLionSourceCodeAccess (314)
[2019.01.18-16.26.38:352][522]LogModuleManager: Shutting down and abandoning module LightPropagationVolumeEditor (312)
[2019.01.18-16.26.38:352][522]LogModuleManager: Shutting down and abandoning module PaperTiledImporter (310)
[2019.01.18-16.26.38:352][522]LogModuleManager: Shutting down and abandoning module PaperSpriteSheetImporter (308)
[2019.01.18-16.26.38:352][522]LogModuleManager: Shutting down and abandoning module Paper2DEditor (306)
[2019.01.18-16.26.38:353][522]LogModuleManager: Shutting down and abandoning module MeshPaint (305)
[2019.01.18-16.26.38:353][522]LogModuleManager: Shutting down and abandoning module RuntimePhysXCooking (302)
[2019.01.18-16.26.38:353][522]LogModuleManager: Shutting down and abandoning module PhysXVehiclesEditor (300)
[2019.01.18-16.26.38:353][522]LogModuleManager: Shutting down and abandoning module PhysXVehicles (298)
[2019.01.18-16.26.38:353][522]LogModuleManager: Shutting down and abandoning module OculusEditor (296)
[2019.01.18-16.26.38:353][522]LogModuleManager: Shutting down and abandoning module LocationServicesBPLibrary (294)
[2019.01.18-16.26.38:353][522]LogModuleManager: Shutting down and abandoning module BodyState (292)
[2019.01.18-16.26.38:353][522]BodyStateLog: Id: 2
[2019.01.18-16.26.38:353][522]LogUObjectArray: Warning: Empty slot
[2019.01.18-16.26.38:353][522]BodyStateLog: BodyState::Device Detached: HMD (0)
[2019.01.18-16.26.38:353][522]LogUObjectArray: Warning: Empty slot
[2019.01.18-16.26.38:353][522]LogModuleManager: Shutting down and abandoning module LeapMotionEditor (290)
[2019.01.18-16.26.38:353][522]LogModuleManager: Shutting down and abandoning module ImmediatePhysicsEditor (288)
[2019.01.18-16.26.38:353][522]LogModuleManager: Shutting down and abandoning module ImmediatePhysics (286)
[2019.01.18-16.26.38:353][522]LogModuleManager: Shutting down and abandoning module ActorSequence (284)
[2019.01.18-16.26.38:353][522]LogModuleManager: Shutting down and abandoning module UdpMessaging (282)
[2019.01.18-16.26.38:454][522]LogModuleManager: Shutting down and abandoning module TcpMessaging (280)
[2019.01.18-16.26.38:554][522]LogModuleManager: Shutting down and abandoning module MagicLeapAudio (278)
[2019.01.18-16.26.38:554][522]LogModuleManager: Shutting down and abandoning module GameplayTagsEditor (276)
[2019.01.18-16.26.38:554][522]LogModuleManager: Shutting down and abandoning module FacialAnimationEditor (274)
[2019.01.18-16.26.38:554][522]LogModuleManager: Shutting down and abandoning module FacialAnimation (272)
[2019.01.18-16.26.38:554][522]LogModuleManager: Shutting down and abandoning module DataValidation (270)
[2019.01.18-16.26.38:554][522]LogModuleManager: Shutting down and abandoning module AssetManagerEditor (268)
[2019.01.18-16.26.38:554][522]LogModuleManager: Shutting down and abandoning module LevelEditor (267)
[2019.01.18-16.26.38:555][522]LogModuleManager: Shutting down and abandoning module PixelInspectorModule (266)
[2019.01.18-16.26.38:555][522]LogModuleManager: Shutting down and abandoning module CommonMenuExtensions (264)
[2019.01.18-16.26.38:555][522]LogModuleManager: Shutting down and abandoning module MainFrame (262)
[2019.01.18-16.26.38:555][522]LogModuleManager: Shutting down and abandoning module HotReload (261)
[2019.01.18-16.26.38:555][522]LogModuleManager: Shutting down and abandoning module ContentBrowser (257)
[2019.01.18-16.26.38:556][522]LogModuleManager: Shutting down and abandoning module TreeMap (255)
[2019.01.18-16.26.38:556][522]LogModuleManager: Shutting down and abandoning module LightPropagationVolumeRuntime (252)
[2019.01.18-16.26.38:556][522]LogModuleManager: Shutting down and abandoning module AISupportModule (250)
[2019.01.18-16.26.38:556][522]LogModuleManager: Shutting down and abandoning module Paper2D (248)
[2019.01.18-16.26.38:556][522]LogModuleManager: Shutting down and abandoning module WindowsMoviePlayer (246)
[2019.01.18-16.26.38:556][522]LogModuleManager: Shutting down and abandoning module WmfMedia (244)
[2019.01.18-16.26.38:558][522]LogModuleManager: Shutting down and abandoning module Media (243)
[2019.01.18-16.26.38:565][522]LogModuleManager: Shutting down and abandoning module PacketHandler (240)
[2019.01.18-16.26.38:565][522]LogModuleManager: Shutting down and abandoning module ClothingSystemEditor (238)
[2019.01.18-16.26.38:565][522]LogModuleManager: Shutting down and abandoning module ClothingSystemRuntime (236)
[2019.01.18-16.26.38:565][522]LogModuleManager: Shutting down and abandoning module MediaAssets (234)
[2019.01.18-16.26.38:565][522]LogModuleManager: Shutting down and abandoning module Overlay (232)
[2019.01.18-16.26.38:565][522]LogModuleManager: Shutting down and abandoning module OverlayEditor (231)
[2019.01.18-16.26.38:565][522]LogModuleManager: Shutting down and abandoning module VREditor (228)
[2019.01.18-16.26.38:565][522]LogModuleManager: Shutting down and abandoning module StringTableEditor (226)
[2019.01.18-16.26.38:565][522]LogModuleManager: Shutting down and abandoning module GameplayTasksEditor (224)
[2019.01.18-16.26.38:565][522]LogModuleManager: Shutting down and abandoning module BehaviorTreeEditor (222)
[2019.01.18-16.26.38:565][522]LogModuleManager: Shutting down and abandoning module FunctionalTesting (220)
[2019.01.18-16.26.38:565][522]LogModuleManager: Shutting down and abandoning module CollisionAnalyzer (218)
[2019.01.18-16.26.38:565][522]LogModuleManager: Shutting down and abandoning module WorkspaceMenuStructure (217)
[2019.01.18-16.26.38:565][522]LogModuleManager: Shutting down and abandoning module UMG (214)
[2019.01.18-16.26.38:565][522]LogModuleManager: Shutting down and abandoning module UMGEditor (213)
[2019.01.18-16.26.38:565][522]LogModuleManager: Shutting down and abandoning module Sequencer (212)
[2019.01.18-16.26.38:565][522]LogModuleManager: Shutting down and abandoning module MessageLog (209)
[2019.01.18-16.26.38:565][522]LogModuleManager: Shutting down and abandoning module SlateReflector (204)
[2019.01.18-16.26.38:565][522]LogModuleManager: Shutting down and abandoning module Slate (202)
[2019.01.18-16.26.38:565][522]LogModuleManager: Shutting down and abandoning module EditorStyle (200)
[2019.01.18-16.26.38:567][522]LogModuleManager: Shutting down and abandoning module MRMesh (198)
[2019.01.18-16.26.38:567][522]LogModuleManager: Shutting down and abandoning module SourceCodeAccess (196)
[2019.01.18-16.26.38:567][522]LogModuleManager: Shutting down and abandoning module HeadMountedDisplay (194)
[2019.01.18-16.26.38:567][522]LogModuleManager: Shutting down and abandoning module XAudio2 (192)
[2019.01.18-16.26.38:567][522]LogModuleManager: Shutting down and abandoning module Networking (190)
[2019.01.18-16.26.38:567][522]LogModuleManager: Shutting down and abandoning module Core (188)
[2019.01.18-16.26.38:567][522]LogModuleManager: Shutting down and abandoning module LevelSequence (186)
[2019.01.18-16.26.38:567][522]LogModuleManager: Shutting down and abandoning module KismetCompiler (184)
[2019.01.18-16.26.38:567][522]LogModuleManager: Shutting down and abandoning module MeshUtilities (182)
[2019.01.18-16.26.38:567][522]LogModuleManager: Shutting down and abandoning module MeshMergeUtilities (181)
[2019.01.18-16.26.38:567][522]LogModuleManager: Shutting down and abandoning module MeshReductionInterface (180)
[2019.01.18-16.26.38:567][522]LogModuleManager: Shutting down and abandoning module SimplygonSwarm (179)
[2019.01.18-16.26.38:567][522]LogModuleManager: Shutting down and abandoning module ProxyLODMeshReduction (177)
[2019.01.18-16.26.38:567][522]LogModuleManager: Shutting down and abandoning module SimplygonMeshReduction (175)
[2019.01.18-16.26.38:567][522]LogModuleManager: Shutting down and abandoning module QuadricMeshReduction (173)
[2019.01.18-16.26.38:567][522]LogModuleManager: Shutting down and abandoning module MaterialBaking (169)
[2019.01.18-16.26.38:567][522]LogModuleManager: Shutting down and abandoning module DirectoryWatcher (165)
[2019.01.18-16.26.38:568][522]LogModuleManager: Shutting down and abandoning module DerivedDataCache (162)
[2019.01.18-16.26.38:577][522]LogDerivedDataCache: Shutdown
[2019.01.18-16.26.38:577][522]LogModuleManager: Shutting down and abandoning module XGEController (160)
[2019.01.18-16.26.38:577][522]LogXGEController: Cleaning working directory: C:/Users/simig/AppData/Local/Temp/UnrealXGEWorkingDir/
[2019.01.18-16.26.38:578][522]LogModuleManager: Shutting down and abandoning module TargetPlatform (158)
[2019.01.18-16.26.38:578][522]LogModuleManager: Shutting down and abandoning module VulkanShaderFormat (157)
[2019.01.18-16.26.38:578][522]LogModuleManager: Shutting down and abandoning module ShaderFormatVectorVM (155)
[2019.01.18-16.26.38:578][522]LogModuleManager: Shutting down and abandoning module ShaderFormatOpenGL (153)
[2019.01.18-16.26.38:578][522]LogModuleManager: Shutting down and abandoning module ShaderFormatD3D (151)
[2019.01.18-16.26.38:578][522]LogModuleManager: Shutting down and abandoning module MetalShaderFormat (149)
[2019.01.18-16.26.38:578][522]LogModuleManager: Shutting down and abandoning module TextureFormatUncompressed (147)
[2019.01.18-16.26.38:578][522]LogModuleManager: Shutting down and abandoning module TextureFormatPVR (145)
[2019.01.18-16.26.38:578][522]LogModuleManager: Shutting down and abandoning module TextureFormatDXT (143)
[2019.01.18-16.26.38:578][522]LogModuleManager: Shutting down and abandoning module TextureFormatIntelISPCTexComp (141)
[2019.01.18-16.26.38:578][522]LogModuleManager: Shutting down and abandoning module TextureFormatASTC (139)
[2019.01.18-16.26.38:578][522]LogModuleManager: Shutting down and abandoning module ImageWrapper (138)
[2019.01.18-16.26.38:578][522]LogModuleManager: Shutting down and abandoning module TextureFormatAndroid (135)
[2019.01.18-16.26.38:578][522]LogModuleManager: Shutting down and abandoning module AudioFormatOpus (133)
[2019.01.18-16.26.38:578][522]LogModuleManager: Shutting down and abandoning module AudioFormatOgg (131)
[2019.01.18-16.26.38:578][522]LogModuleManager: Shutting down and abandoning module AudioFormatADPCM (129)
[2019.01.18-16.26.38:578][522]LogModuleManager: Shutting down and abandoning module LuminTargetPlatform (127)
[2019.01.18-16.26.38:578][522]LogModuleManager: Shutting down and abandoning module LinuxTargetPlatform (125)
[2019.01.18-16.26.38:578][522]LogModuleManager: Shutting down and abandoning module LinuxServerTargetPlatform (123)
[2019.01.18-16.26.38:578][522]LogModuleManager: Shutting down and abandoning module LinuxNoEditorTargetPlatform (121)
[2019.01.18-16.26.38:578][522]LogModuleManager: Shutting down and abandoning module LinuxClientTargetPlatform (119)
[2019.01.18-16.26.38:578][522]LogModuleManager: Shutting down and abandoning module TVOSTargetPlatform (117)
[2019.01.18-16.26.38:579][522]LogModuleManager: Shutting down and abandoning module Messaging (115)
[2019.01.18-16.26.38:579][522]LogModuleManager: Shutting down and abandoning module IOSTargetPlatform (113)
[2019.01.18-16.26.38:579][522]LogModuleManager: Shutting down and abandoning module HTML5TargetPlatform (111)
[2019.01.18-16.26.38:579][522]LogModuleManager: Shutting down and abandoning module AndroidTargetPlatform (109)
[2019.01.18-16.26.38:585][522]LogModuleManager: Shutting down and abandoning module WindowsTargetPlatform (107)
[2019.01.18-16.26.38:585][522]LogModuleManager: Shutting down and abandoning module WindowsServerTargetPlatform (105)
[2019.01.18-16.26.38:585][522]LogModuleManager: Shutting down and abandoning module WindowsNoEditorTargetPlatform (103)
[2019.01.18-16.26.38:585][522]LogModuleManager: Shutting down and abandoning module WindowsClientTargetPlatform (101)
[2019.01.18-16.26.38:585][522]LogModuleManager: Shutting down and abandoning module MacTargetPlatform (99)
[2019.01.18-16.26.38:585][522]LogModuleManager: Shutting down and abandoning module MacServerTargetPlatform (97)
[2019.01.18-16.26.38:585][522]LogModuleManager: Shutting down and abandoning module MacNoEditorTargetPlatform (95)
[2019.01.18-16.26.38:585][522]LogModuleManager: Shutting down and abandoning module MacClientTargetPlatform (93)
[2019.01.18-16.26.38:585][522]LogModuleManager: Shutting down and abandoning module AllDesktopTargetPlatform (91)
[2019.01.18-16.26.38:585][522]LogModuleManager: Shutting down and abandoning module InputCore (88)
[2019.01.18-16.26.38:585][522]LogModuleManager: Shutting down and abandoning module Settings (86)
[2019.01.18-16.26.38:585][522]LogModuleManager: Shutting down and abandoning module PhysXCooking (84)
[2019.01.18-16.26.38:585][522]LogModuleManager: Shutting down and abandoning module SteamVR (82)
[2019.01.18-16.26.38:585][522]LogModuleManager: Shutting down and abandoning module OculusHMD (80)
[2019.01.18-16.26.38:585][522]LogModuleManager: Shutting down and abandoning module ExampleDeviceProfileSelector (78)
[2019.01.18-16.26.38:585][522]LogModuleManager: Shutting down and abandoning module LauncherChunkInstaller (76)
[2019.01.18-16.26.38:585][522]LogModuleManager: Shutting down and abandoning module OnlineBlueprintSupport (74)
[2019.01.18-16.26.38:585][522]LogModuleManager: Shutting down and abandoning module OnlineSubsystem (70)
[2019.01.18-16.26.38:586][522]LogModuleManager: Shutting down and abandoning module XMPP (65)
[2019.01.18-16.26.38:586][522]LogModuleManager: Shutting down and abandoning module WebSockets (64)
[2019.01.18-16.26.38:603][522]LogModuleManager: Shutting down and abandoning module HTTP (61)
[2019.01.18-16.26.38:603][522]LogHttp: Display: Http module shutting down, but needs to wait on 1 outstanding Http requests:
[2019.01.18-16.26.38:603][522]LogHttp: Display: 	verb=[POST] url=[https://datarouter.ol.epicgames.com/datarouter/api/v1/public/data?SessionID=%7B39B56AC3-44D1-DF67-B72D-90B28BD763E1%7D&AppID=UEEditor.Rocket.Release&AppVersion=4.20.3-4369336%2B%2B%2BUE4%2BRelease-4.20&UserID=fac9549b436dca3604d1a5bc7c081484%7C83400203e6e243c9ad23ce88e74dd04b%7C03c45647-8710-486e-90a3-8f215ab63bcb&AppEnvironment=datacollector-binary&UploadType=eteventstream] status=Processing
[2019.01.18-16.26.38:606][522]LogModuleManager: Shutting down and abandoning module SSL (60)
[2019.01.18-16.26.38:607][522]LogModuleManager: Shutting down and abandoning module MagicLeapEmulator (56)
[2019.01.18-16.26.38:607][522]LogModuleManager: Shutting down and abandoning module MagicLeapPrivileges (54)
[2019.01.18-16.26.38:607][522]LogModuleManager: Shutting down and abandoning module MagicLeapIdentity (52)
[2019.01.18-16.26.38:607][522]LogModuleManager: Shutting down and abandoning module MagicLeapHelperVulkan (50)
[2019.01.18-16.26.38:607][522]LogModuleManager: Shutting down and abandoning module MagicLeapHelperOpenGL (48)
[2019.01.18-16.26.38:607][522]LogModuleManager: Shutting down and abandoning module MagicLeapSecureStorage (46)
[2019.01.18-16.26.38:607][522]LogModuleManager: Shutting down and abandoning module MagicLeapGestures (44)
[2019.01.18-16.26.38:607][522]LogModuleManager: Shutting down and abandoning module MagicLeapEyeTracker (42)
[2019.01.18-16.26.38:607][522]LogModuleManager: Shutting down and abandoning module MagicLeapController (40)
[2019.01.18-16.26.38:607][522]LogSlate: Slate User Destroyed.  User Index 0, Is Virtual User: 0
[2019.01.18-16.26.38:607][522]LogModuleManager: Shutting down and abandoning module MagicLeap (38)
[2019.01.18-16.26.38:607][522]LogModuleManager: Shutting down and abandoning module AnimationModifiers (36)
[2019.01.18-16.26.38:607][522]LogModuleManager: Shutting down and abandoning module PropertyEditor (35)
[2019.01.18-16.26.38:607][522]LogModuleManager: Shutting down and abandoning module AudioEditor (32)
[2019.01.18-16.26.38:607][522]LogModuleManager: Shutting down and abandoning module TextureCompressor (30)
[2019.01.18-16.26.38:607][522]LogModuleManager: Shutting down and abandoning module ShaderCore (28)
[2019.01.18-16.26.38:607][522]LogModuleManager: Shutting down and abandoning module Landscape (26)
[2019.01.18-16.26.38:607][522]LogModuleManager: Shutting down and abandoning module SlateRHIRenderer (24)
[2019.01.18-16.26.38:607][522]LogModuleManager: Shutting down and abandoning module OpenGLDrv (22)
[2019.01.18-16.26.38:607][522]LogModuleManager: Shutting down and abandoning module D3D11RHI (20)
[2019.01.18-16.26.38:607][522]LogModuleManager: Shutting down and abandoning module AnimGraphRuntime (18)
[2019.01.18-16.26.38:607][522]LogModuleManager: Shutting down and abandoning module Renderer (16)
[2019.01.18-16.26.38:608][522]LogModuleManager: Shutting down and abandoning module Engine (14)
[2019.01.18-16.26.38:608][522]LogModuleManager: Shutting down and abandoning module CoreUObject (12)
[2019.01.18-16.26.38:608][522]LogModuleManager: Shutting down and abandoning module NetworkFile (10)
[2019.01.18-16.26.38:608][522]LogModuleManager: Shutting down and abandoning module CookedIterativeFile (8)
[2019.01.18-16.26.38:608][522]LogModuleManager: Shutting down and abandoning module StreamingFile (6)
[2019.01.18-16.26.38:608][522]LogModuleManager: Shutting down and abandoning module SandboxFile (4)
[2019.01.18-16.26.38:608][522]LogModuleManager: Shutting down and abandoning module PakFile (2)
[2019.01.18-16.26.38:615][522]LogExit: Exiting.
[2019.01.18-16.26.38:630][522]Log file closed, 01/18/19 11:26:38
